<!DOCTYPE html>

<html>
  <head>
  <meta charset='utf-8'>
  <title>TestNG reports</title>

    <link type="text/css" href="testng-reports1.css" rel="stylesheet" id="ultra" />
    <link type="text/css" href="testng-reports.css" rel="stylesheet" id="retro" disabled="false"/>
    <script type="text/javascript" src="jquery-3.4.1.min.js"></script>
    <script type="text/javascript" src="testng-reports.js"></script>
    <script type="text/javascript" src="https://www.google.com/jsapi"></script>
    <script type='text/javascript'>
      google.load('visualization', '1', {packages:['table']});
      google.setOnLoadCallback(drawTable);
      var suiteTableInitFunctions = new Array();
      var suiteTableData = new Array();
    </script>
    <!--
      <script type="text/javascript" src="jquery-ui/js/jquery-ui-1.8.16.custom.min.js"></script>
     -->
  </head>

  <body>
    <div class="top-banner-root">
      <span class="top-banner-title-font">Test results</span>
      <button class="button" id="button">Switch Retro Theme</button> <!-- button -->
      <br/>
      <span class="top-banner-font-1">1 suite, 1 failed test</span>
    </div> <!-- top-banner-root -->
    <div class="navigator-root">
      <div class="navigator-suite-header">
        <span>All suites</span>
        <a href="#" class="collapse-all-link" title="Collapse/expand all the suites">
          <img class="collapse-all-icon" src="collapseall.gif">
          </img> <!-- collapse-all-icon -->
        </a> <!-- collapse-all-link -->
      </div> <!-- navigator-suite-header -->
      <div class="suite">
        <div class="rounded-window">
          <div class="suite-header light-rounded-window-top">
            <a href="#" class="navigator-link" panel-name="suite-Suite">
              <span class="suite-name border-failed">Suite</span>
            </a> <!-- navigator-link -->
          </div> <!-- suite-header light-rounded-window-top -->
          <div class="navigator-suite-content">
            <div class="suite-section-title">
              <span>Info</span>
            </div> <!-- suite-section-title -->
            <div class="suite-section-content">
              <ul>
                <li>
                  <a href="#" class="navigator-link " panel-name="test-xml-Suite">
                    <span>C:\Vidya_Git_Backup_DDProject\Team6AddToCart\config\AddToCart2.xml</span>
                  </a> <!-- navigator-link  -->
                </li>
                <li>
                  <a href="#" class="navigator-link " panel-name="testlist-Suite">
                    <span class="test-stats">1 test</span>
                  </a> <!-- navigator-link  -->
                </li>
                <li>
                  <a href="#" class="navigator-link " panel-name="group-Suite">
                    <span>0 groups</span>
                  </a> <!-- navigator-link  -->
                </li>
                <li>
                  <a href="#" class="navigator-link " panel-name="times-Suite">
                    <span>Times</span>
                  </a> <!-- navigator-link  -->
                </li>
                <li>
                  <a href="#" class="navigator-link " panel-name="reporter-Suite">
                    <span>Reporter output</span>
                  </a> <!-- navigator-link  -->
                </li>
                <li>
                  <a href="#" class="navigator-link " panel-name="ignored-methods-Suite">
                    <span>Ignored methods</span>
                  </a> <!-- navigator-link  -->
                </li>
                <li>
                  <a href="#" class="navigator-link " panel-name="chronological-Suite">
                    <span>Chronological view</span>
                  </a> <!-- navigator-link  -->
                </li>
              </ul>
            </div> <!-- suite-section-content -->
            <div class="result-section">
              <div class="suite-section-title">
                <span>Results</span>
              </div> <!-- suite-section-title -->
              <div class="suite-section-content">
                <ul>
                  <li>
                    <span class="method-stats">22 methods, 1 failed,  15 skipped,  6 passed</span>
                  </li>
                  <li>
                    <span class="method-list-title failed">Failed methods</span>
                    <span class="show-or-hide-methods failed">
                      <a href="#" panel-name="suite-Suite" class="hide-methods failed suite-Suite"> (hide)</a> <!-- hide-methods failed suite-Suite -->
                      <a href="#" panel-name="suite-Suite" class="show-methods failed suite-Suite"> (show)</a> <!-- show-methods failed suite-Suite -->
                    </span>
                    <div class="method-list-content failed suite-Suite">
                      <span>
                        <img width="3%" src="failed.png"/>
                        <a href="#" class="method navigator-link" panel-name="suite-Suite" title="com.dollardays.testcases.AddToCartPPETestcase" hash-for-method="TC_07_Validate_the_case_quantity_text_box_with_zero_value_and_verify_the_shopping_cart_page({TestCase=valid Login data, Password=c2FpYmFiYTE=, Runmode=Yes, SheetName=AddTOCartPPE, UserName=vid...)">TC_07_Validate_the_case_quantity_text_box_with_zero_value_and_verify_the_shopping_cart_page({TestCase=valid Login data, Password=c2FpYmFiYTE=, Runmode=Yes, SheetName=AddTOCartPPE, UserName=vid...)</a> <!-- method navigator-link -->
                      </span>
                      <br/>
                    </div> <!-- method-list-content failed suite-Suite -->
                  </li>
                  <li>
                    <span class="method-list-title skipped">Skipped methods</span>
                    <span class="show-or-hide-methods skipped">
                      <a href="#" panel-name="suite-Suite" class="hide-methods skipped suite-Suite"> (hide)</a> <!-- hide-methods skipped suite-Suite -->
                      <a href="#" panel-name="suite-Suite" class="show-methods skipped suite-Suite"> (show)</a> <!-- show-methods skipped suite-Suite -->
                    </span>
                    <div class="method-list-content skipped suite-Suite">
                      <span>
                        <img width="3%" src="skipped.png"/>
                        <a href="#" class="method navigator-link" panel-name="suite-Suite" title="com.dollardays.testcases.AddToCartPPETestcase" hash-for-method="TC_08_Validate_the_case_quantity_text_box_with_invalid_data_in_the_shopping_cart_page({TestCase=valid Login data, Password=c2FpYmFiYTE=, Runmode=Yes, SheetName=AddTOCartPPE, UserName=vid...)">TC_08_Validate_the_case_quantity_text_box_with_invalid_data_in_the_shopping_cart_page({TestCase=valid Login data, Password=c2FpYmFiYTE=, Runmode=Yes, SheetName=AddTOCartPPE, UserName=vid...)</a> <!-- method navigator-link -->
                      </span>
                      <br/>
                      <span>
                        <img width="3%" src="skipped.png"/>
                        <a href="#" class="method navigator-link" panel-name="suite-Suite" title="com.dollardays.testcases.AddToCartPPETestcase" hash-for-method="TC_09_Validate_the_case_quantity_text_box_with_boundary_value_in_the_shopping_cart_page({TestCase=valid Login data, Password=c2FpYmFiYTE=, Runmode=Yes, SheetName=AddTOCartPPE, UserName=vid...)">TC_09_Validate_the_case_quantity_text_box_with_boundary_value_in_the_shopping_cart_page({TestCase=valid Login data, Password=c2FpYmFiYTE=, Runmode=Yes, SheetName=AddTOCartPPE, UserName=vid...)</a> <!-- method navigator-link -->
                      </span>
                      <br/>
                      <span>
                        <img width="3%" src="skipped.png"/>
                        <a href="#" class="method navigator-link" panel-name="suite-Suite" title="com.dollardays.testcases.AddToCartPPETestcase" hash-for-method="TC_10_Validate_the_cart_when_the_user_signoff_and_signin_with_valid_credentials({TestCase=valid Login data, Password=c2FpYmFiYTE=, Runmode=Yes, SheetName=AddTOCartPPE, UserName=vid...)">TC_10_Validate_the_cart_when_the_user_signoff_and_signin_with_valid_credentials({TestCase=valid Login data, Password=c2FpYmFiYTE=, Runmode=Yes, SheetName=AddTOCartPPE, UserName=vid...)</a> <!-- method navigator-link -->
                      </span>
                      <br/>
                      <span>
                        <img width="3%" src="skipped.png"/>
                        <a href="#" class="method navigator-link" panel-name="suite-Suite" title="com.dollardays.testcases.AddToCartPPETestcase" hash-for-method="TC_11_validate_no_of_cases_textbox_with_valid_data({TestCase=valid Login data, Password=c2FpYmFiYTE=, Runmode=Yes, SheetName=AddTOCartPPE, UserName=vid...)">TC_11_validate_no_of_cases_textbox_with_valid_data({TestCase=valid Login data, Password=c2FpYmFiYTE=, Runmode=Yes, SheetName=AddTOCartPPE, UserName=vid...)</a> <!-- method navigator-link -->
                      </span>
                      <br/>
                      <span>
                        <img width="3%" src="skipped.png"/>
                        <a href="#" class="method navigator-link" panel-name="suite-Suite" title="com.dollardays.testcases.AddToCartPPETestcase" hash-for-method="TC_12_Validate_the_number_of_case_text_box_in_the_product_page({TestCase=valid Login data, Password=c2FpYmFiYTE=, Runmode=Yes, SheetName=AddTOCartPPE, UserName=vid...)">TC_12_Validate_the_number_of_case_text_box_in_the_product_page({TestCase=valid Login data, Password=c2FpYmFiYTE=, Runmode=Yes, SheetName=AddTOCartPPE, UserName=vid...)</a> <!-- method navigator-link -->
                      </span>
                      <br/>
                      <span>
                        <img width="3%" src="skipped.png"/>
                        <a href="#" class="method navigator-link" panel-name="suite-Suite" title="com.dollardays.testcases.AddToCartPPETestcase" hash-for-method="TC_13_validate_no_of_cases_textbox_with_zero({TestCase=valid Login data, Password=c2FpYmFiYTE=, Runmode=Yes, SheetName=AddTOCartPPE, UserName=vid...)">TC_13_validate_no_of_cases_textbox_with_zero({TestCase=valid Login data, Password=c2FpYmFiYTE=, Runmode=Yes, SheetName=AddTOCartPPE, UserName=vid...)</a> <!-- method navigator-link -->
                      </span>
                      <br/>
                      <span>
                        <img width="3%" src="skipped.png"/>
                        <a href="#" class="method navigator-link" panel-name="suite-Suite" title="com.dollardays.testcases.AddToCartPPETestcase" hash-for-method="TC_14_validate_no_of_cases_textbox_with_character({TestCase=valid Login data, Password=c2FpYmFiYTE=, Runmode=Yes, SheetName=AddTOCartPPE, UserName=vid...)">TC_14_validate_no_of_cases_textbox_with_character({TestCase=valid Login data, Password=c2FpYmFiYTE=, Runmode=Yes, SheetName=AddTOCartPPE, UserName=vid...)</a> <!-- method navigator-link -->
                      </span>
                      <br/>
                      <span>
                        <img width="3%" src="skipped.png"/>
                        <a href="#" class="method navigator-link" panel-name="suite-Suite" title="com.dollardays.testcases.AddToCartPPETestcase" hash-for-method="TC_15_ValidateAddToCart_BuyNow_smallercasepacks({TestCase=valid Login data, Password=c2FpYmFiYTE=, Runmode=Yes, SheetName=AddTOCartPPE, UserName=vid...)">TC_15_ValidateAddToCart_BuyNow_smallercasepacks({TestCase=valid Login data, Password=c2FpYmFiYTE=, Runmode=Yes, SheetName=AddTOCartPPE, UserName=vid...)</a> <!-- method navigator-link -->
                      </span>
                      <br/>
                      <span>
                        <img width="3%" src="skipped.png"/>
                        <a href="#" class="method navigator-link" panel-name="suite-Suite" title="com.dollardays.testcases.AddToCartPPETestcase" hash-for-method="TC_16_ValidateAddToCart_BuyNow_3PlyFaceMask({TestCase=valid Login data, Password=c2FpYmFiYTE=, Runmode=Yes, SheetName=AddTOCartPPE, UserName=vid...)">TC_16_ValidateAddToCart_BuyNow_3PlyFaceMask({TestCase=valid Login data, Password=c2FpYmFiYTE=, Runmode=Yes, SheetName=AddTOCartPPE, UserName=vid...)</a> <!-- method navigator-link -->
                      </span>
                      <br/>
                      <span>
                        <img width="3%" src="skipped.png"/>
                        <a href="#" class="method navigator-link" panel-name="suite-Suite" title="com.dollardays.testcases.AddToCartPPETestcase" hash-for-method="TC_17_ValidateAddToCart_BuyNow_PremiumAlcoholWipes({TestCase=valid Login data, Password=c2FpYmFiYTE=, Runmode=Yes, SheetName=AddTOCartPPE, UserName=vid...)">TC_17_ValidateAddToCart_BuyNow_PremiumAlcoholWipes({TestCase=valid Login data, Password=c2FpYmFiYTE=, Runmode=Yes, SheetName=AddTOCartPPE, UserName=vid...)</a> <!-- method navigator-link -->
                      </span>
                      <br/>
                      <span>
                        <img width="3%" src="skipped.png"/>
                        <a href="#" class="method navigator-link" panel-name="suite-Suite" title="com.dollardays.testcases.AddToCartPPETestcase" hash-for-method="TC_18_ValidateAddToCartFromSearchbarWithnoData({TestCase=valid Login data, Password=c2FpYmFiYTE=, Runmode=Yes, SheetName=AddTOCartPPE, UserName=vid...)">TC_18_ValidateAddToCartFromSearchbarWithnoData({TestCase=valid Login data, Password=c2FpYmFiYTE=, Runmode=Yes, SheetName=AddTOCartPPE, UserName=vid...)</a> <!-- method navigator-link -->
                      </span>
                      <br/>
                      <span>
                        <img width="3%" src="skipped.png"/>
                        <a href="#" class="method navigator-link" panel-name="suite-Suite" title="com.dollardays.testcases.AddToCartPPETestcase" hash-for-method="TC_19_ValidateAddToCartFromSearchbarWithValidData({TestCase=valid Login data, Password=c2FpYmFiYTE=, Runmode=Yes, SheetName=AddTOCartPPE, UserName=vid...)">TC_19_ValidateAddToCartFromSearchbarWithValidData({TestCase=valid Login data, Password=c2FpYmFiYTE=, Runmode=Yes, SheetName=AddTOCartPPE, UserName=vid...)</a> <!-- method navigator-link -->
                      </span>
                      <br/>
                      <span>
                        <img width="3%" src="skipped.png"/>
                        <a href="#" class="method navigator-link" panel-name="suite-Suite" title="com.dollardays.testcases.AddToCartPPETestcase" hash-for-method="TC_21_Validate_the_user_is_able_to_add_one_item_to_the_cart_from_PPE_and_Mask_category_and_verify_cart_icon({TestCase=valid Login data, Password=c2FpYmFiYTE=, Runmode=Yes, SheetName=AddTOCartPPE, UserName=vid...)">TC_21_Validate_the_user_is_able_to_add_one_item_to_the_cart_from_PPE_and_Mask_category_and_verify_cart_icon({TestCase=valid Login data, Password=c2FpYmFiYTE=, Runmode=Yes, SheetName=AddTOCartPPE, UserName=vid...)</a> <!-- method navigator-link -->
                      </span>
                      <br/>
                      <span>
                        <img width="3%" src="skipped.png"/>
                        <a href="#" class="method navigator-link" panel-name="suite-Suite" title="com.dollardays.testcases.AddToCartPPETestcase" hash-for-method="TC_22_validate_the_user_is_able_to_add_one_item_from_ppe_category_throught_product_page_and_verify_cart_icon({TestCase=valid Login data, Password=c2FpYmFiYTE=, Runmode=Yes, SheetName=AddToCartPPE, UserName=vid...)">TC_22_validate_the_user_is_able_to_add_one_item_from_ppe_category_throught_product_page_and_verify_cart_icon({TestCase=valid Login data, Password=c2FpYmFiYTE=, Runmode=Yes, SheetName=AddToCartPPE, UserName=vid...)</a> <!-- method navigator-link -->
                      </span>
                      <br/>
                      <span>
                        <img width="3%" src="skipped.png"/>
                        <a href="#" class="method navigator-link" panel-name="suite-Suite" title="com.dollardays.testcases.AddToCartPPETestcase" hash-for-method="TC_23_validate_clear_cart_hyperlink_in_the_shopping_cart_page({TestCase=valid Login data, Password=c2FpYmFiYTE=, Runmode=Yes, SheetName=AddTOCartPPE, UserName=vid...)">TC_23_validate_clear_cart_hyperlink_in_the_shopping_cart_page({TestCase=valid Login data, Password=c2FpYmFiYTE=, Runmode=Yes, SheetName=AddTOCartPPE, UserName=vid...)</a> <!-- method navigator-link -->
                      </span>
                      <br/>
                    </div> <!-- method-list-content skipped suite-Suite -->
                  </li>
                  <li>
                    <span class="method-list-title passed">Passed methods</span>
                    <span class="show-or-hide-methods passed">
                      <a href="#" panel-name="suite-Suite" class="hide-methods passed suite-Suite"> (hide)</a> <!-- hide-methods passed suite-Suite -->
                      <a href="#" panel-name="suite-Suite" class="show-methods passed suite-Suite"> (show)</a> <!-- show-methods passed suite-Suite -->
                    </span>
                    <div class="method-list-content passed suite-Suite">
                      <span>
                        <img width="3%" src="passed.png"/>
                        <a href="#" class="method navigator-link" panel-name="suite-Suite" title="com.dollardays.testcases.AddToCartPPETestcase" hash-for-method="TC_01_Validate_addtocart_by_clicking_on_buy_nowbutton_from_adv_banner_without_login({TestCase=valid Login data, Password=c2FpYmFiYTE=, Runmode=Yes, SheetName=AddTOCartPPE, UserName=vid...)">TC_01_Validate_addtocart_by_clicking_on_buy_nowbutton_from_adv_banner_without_login({TestCase=valid Login data, Password=c2FpYmFiYTE=, Runmode=Yes, SheetName=AddTOCartPPE, UserName=vid...)</a> <!-- method navigator-link -->
                      </span>
                      <br/>
                      <span>
                        <img width="3%" src="passed.png"/>
                        <a href="#" class="method navigator-link" panel-name="suite-Suite" title="com.dollardays.testcases.AddToCartPPETestcase" hash-for-method="TC_02_addtocartvalidate_shopallbtn_clickonimage({TestCase=valid Login data, Password=c2FpYmFiYTE=, Runmode=Yes, SheetName=AddTOCartPPE, UserName=vid...)">TC_02_addtocartvalidate_shopallbtn_clickonimage({TestCase=valid Login data, Password=c2FpYmFiYTE=, Runmode=Yes, SheetName=AddTOCartPPE, UserName=vid...)</a> <!-- method navigator-link -->
                      </span>
                      <br/>
                      <span>
                        <img width="3%" src="passed.png"/>
                        <a href="#" class="method navigator-link" panel-name="suite-Suite" title="com.dollardays.testcases.AddToCartPPETestcase" hash-for-method="TC_03_addtocartvalidate_clickonimage({TestCase=valid Login data, Password=c2FpYmFiYTE=, Runmode=Yes, SheetName=AddTOCartPPE, UserName=vid...)">TC_03_addtocartvalidate_clickonimage({TestCase=valid Login data, Password=c2FpYmFiYTE=, Runmode=Yes, SheetName=AddTOCartPPE, UserName=vid...)</a> <!-- method navigator-link -->
                      </span>
                      <br/>
                      <span>
                        <img width="3%" src="passed.png"/>
                        <a href="#" class="method navigator-link" panel-name="suite-Suite" title="com.dollardays.testcases.AddToCartPPETestcase" hash-for-method="TC_04_validate_the_user_is_able_to_add_multiple_items_from_PPE_and_Mask_page_and_verify_shopping_cart({TestCase=valid Login data, Password=c2FpYmFiYTE=, Runmode=Yes, SheetName=AddTOCartPPE, UserName=vid...)">TC_04_validate_the_user_is_able_to_add_multiple_items_from_PPE_and_Mask_page_and_verify_shopping_cart({TestCase=valid Login data, Password=c2FpYmFiYTE=, Runmode=Yes, SheetName=AddTOCartPPE, UserName=vid...)</a> <!-- method navigator-link -->
                      </span>
                      <br/>
                      <span>
                        <img width="3%" src="passed.png"/>
                        <a href="#" class="method navigator-link" panel-name="suite-Suite" title="com.dollardays.testcases.AddToCartPPETestcase" hash-for-method="TC_05_Validate_update_cart_hyper_link_in_the_shopping_cart_page({TestCase=valid Login data, Password=c2FpYmFiYTE=, Runmode=Yes, SheetName=AddTOCartPPE, UserName=vid...)">TC_05_Validate_update_cart_hyper_link_in_the_shopping_cart_page({TestCase=valid Login data, Password=c2FpYmFiYTE=, Runmode=Yes, SheetName=AddTOCartPPE, UserName=vid...)</a> <!-- method navigator-link -->
                      </span>
                      <br/>
                      <span>
                        <img width="3%" src="passed.png"/>
                        <a href="#" class="method navigator-link" panel-name="suite-Suite" title="com.dollardays.testcases.AddToCartPPETestcase" hash-for-method="TC_06_Validate_the_case_quantity_text_box_with_valid_data_in_the_shopping_cart_page({TestCase=valid Login data, Password=c2FpYmFiYTE=, Runmode=Yes, SheetName=AddTOCartPPE, UserName=vid...)">TC_06_Validate_the_case_quantity_text_box_with_valid_data_in_the_shopping_cart_page({TestCase=valid Login data, Password=c2FpYmFiYTE=, Runmode=Yes, SheetName=AddTOCartPPE, UserName=vid...)</a> <!-- method navigator-link -->
                      </span>
                      <br/>
                    </div> <!-- method-list-content passed suite-Suite -->
                  </li>
                </ul>
              </div> <!-- suite-section-content -->
            </div> <!-- result-section -->
          </div> <!-- navigator-suite-content -->
        </div> <!-- rounded-window -->
      </div> <!-- suite -->
    </div> <!-- navigator-root -->
    <div class="wrapper">
      <div class="main-panel-root">
        <div panel-name="suite-Suite" class="panel Suite">
          <div class="suite-Suite-class-failed">
            <div class="main-panel-header rounded-window-top">
              <img src="failed.png"/>
              <span class="class-name">com.dollardays.testcases.AddToCartPPETestcase</span>
            </div> <!-- main-panel-header rounded-window-top -->
            <div class="main-panel-content rounded-window-bottom">
              <div class="method">
                <div class="method-content">
                  <a name="TC_07_Validate_the_case_quantity_text_box_with_zero_value_and_verify_the_shopping_cart_page({TestCase=valid Login data, Password=c2FpYmFiYTE=, Runmode=Yes, SheetName=AddTOCartPPE, UserName=vid...)">
                  </a> <!-- TC_07_Validate_the_case_quantity_text_box_with_zero_value_and_verify_the_shopping_cart_page({TestCase=valid Login data, Password=c2FpYmFiYTE=, Runmode=Yes, SheetName=AddTOCartPPE, UserName=vid...) -->
                  <span class="method-name">TC_07_Validate_the_case_quantity_text_box_with_zero_value_and_verify_the_shopping_cart_page</span>
                  <span class="parameters">({TestCase=valid Login data, Password=c2FpYmFiYTE=, Runmode=Yes, SheetName=AddTOCartPPE, UserName=vidyancc@gmail.com, TCID=TC1})</span>
                  <div class="stack-trace">org.openqa.selenium.WebDriverException: chrome not reachable
  (Session info: chrome=86.0.4240.75)
  (Driver info: chromedriver=86.0.4240.22 (398b0743353ff36fb1b82468f63a3a93b4e2e89e-refs/branch-heads/4240@{#378}),platform=Windows NT 10.0.18362 x86_64) (WARNING: The server did not provide any stacktrace information)
Command duration or timeout: 12.03 seconds
Build info: version: &apos;2.53.1&apos;, revision: &apos;a36b8b1cd5757287168e54b817830adce9b0158d&apos;, time: &apos;2016-06-30 19:26:09&apos;
System info: host: &apos;MININT-UM25UFB&apos;, ip: &apos;10.0.75.1&apos;, os.name: &apos;Windows 10&apos;, os.arch: &apos;amd64&apos;, os.version: &apos;10.0&apos;, java.version: &apos;1.8.0_261&apos;
Driver info: org.openqa.selenium.chrome.ChromeDriver
Capabilities [{mobileEmulationEnabled=false, timeouts={implicit=0, pageLoad=300000, script=30000}, hasTouchScreen=false, platform=XP, acceptSslCerts=false, goog:chromeOptions={debuggerAddress=localhost:56976}, acceptInsecureCerts=false, webStorageEnabled=true, browserName=chrome, takesScreenshot=true, javascriptEnabled=true, setWindowRect=true, unexpectedAlertBehaviour=ignore, applicationCacheEnabled=false, rotatable=false, networkConnectionEnabled=false, chrome={chromedriverVersion=86.0.4240.22 (398b0743353ff36fb1b82468f63a3a93b4e2e89e-refs/branch-heads/4240@{#378}), userDataDir=C:\Users\Rajesh\AppData\Local\Temp\scoped_dir1988_1694695913}, takesHeapSnapshot=true, pageLoadStrategy=normal, strictFileInteractability=false, databaseEnabled=false, handlesAlerts=true, version=86.0.4240.75, browserConnectionEnabled=false, proxy={}, nativeEvents=true, locationContextEnabled=true, cssSelectorsEnabled=true, webauthn:virtualAuthenticators=true}]
Session ID: 4e337e52291b54f04b443b0992827b70
*** Element info: {Using=xpath, value=//*[@id=&quot;sm_menu_ham&quot;]}
	at org.openqa.selenium.remote.ErrorHandler.createThrowable(ErrorHandler.java:206)
	at org.openqa.selenium.remote.ErrorHandler.throwIfResponseFailed(ErrorHandler.java:158)
	at org.openqa.selenium.remote.RemoteWebDriver.execute(RemoteWebDriver.java:678)
	at org.openqa.selenium.remote.RemoteWebDriver.findElement(RemoteWebDriver.java:363)
	at org.openqa.selenium.remote.RemoteWebDriver.findElementByXPath(RemoteWebDriver.java:500)
	at org.openqa.selenium.By$ByXPath.findElement(By.java:361)
	at org.openqa.selenium.remote.RemoteWebDriver.findElement(RemoteWebDriver.java:355)
	at org.openqa.selenium.support.pagefactory.DefaultElementLocator.findElement(DefaultElementLocator.java:69)
	at org.openqa.selenium.support.pagefactory.internal.LocatingElementHandler.invoke(LocatingElementHandler.java:38)
	at com.sun.proxy.$Proxy11.click(Unknown Source)
	at com.dollardays.pages.AddToCartPage.MenuPPE(AddToCartPage.java:466)
	at com.dollardays.testcases.AddToCartPPETestcase.TC_07_Validate_the_case_quantity_text_box_with_zero_value_and_verify_the_shopping_cart_page(AddToCartPPETestcase.java:348)
	at java.util.ArrayList.forEach(ArrayList.java:1259)
... Removed 31 stack frames
</div> <!-- stack-trace -->
                </div> <!-- method-content -->
              </div> <!-- method -->
            </div> <!-- main-panel-content rounded-window-bottom -->
          </div> <!-- suite-Suite-class-failed -->
          <div class="suite-Suite-class-skipped">
            <div class="main-panel-header rounded-window-top">
              <img src="skipped.png"/>
              <span class="class-name">com.dollardays.testcases.AddToCartPPETestcase</span>
            </div> <!-- main-panel-header rounded-window-top -->
            <div class="main-panel-content rounded-window-bottom">
              <div class="method">
                <div class="method-content">
                  <a name="TC_08_Validate_the_case_quantity_text_box_with_invalid_data_in_the_shopping_cart_page({TestCase=valid Login data, Password=c2FpYmFiYTE=, Runmode=Yes, SheetName=AddTOCartPPE, UserName=vid...)">
                  </a> <!-- TC_08_Validate_the_case_quantity_text_box_with_invalid_data_in_the_shopping_cart_page({TestCase=valid Login data, Password=c2FpYmFiYTE=, Runmode=Yes, SheetName=AddTOCartPPE, UserName=vid...) -->
                  <span class="method-name">TC_08_Validate_the_case_quantity_text_box_with_invalid_data_in_the_shopping_cart_page</span>
                  <span class="parameters">({TestCase=valid Login data, Password=c2FpYmFiYTE=, Runmode=Yes, SheetName=AddTOCartPPE, UserName=vidyancc@gmail.com, TCID=TC1})</span>
                  <div class="stack-trace">org.openqa.selenium.WebDriverException: chrome not reachable
  (Session info: chrome=86.0.4240.75)
  (Driver info: chromedriver=86.0.4240.22 (398b0743353ff36fb1b82468f63a3a93b4e2e89e-refs/branch-heads/4240@{#378}),platform=Windows NT 10.0.18362 x86_64) (WARNING: The server did not provide any stacktrace information)
Command duration or timeout: 245 milliseconds
Build info: version: &apos;2.53.1&apos;, revision: &apos;a36b8b1cd5757287168e54b817830adce9b0158d&apos;, time: &apos;2016-06-30 19:26:09&apos;
System info: host: &apos;MININT-UM25UFB&apos;, ip: &apos;10.0.75.1&apos;, os.name: &apos;Windows 10&apos;, os.arch: &apos;amd64&apos;, os.version: &apos;10.0&apos;, java.version: &apos;1.8.0_261&apos;
Driver info: org.openqa.selenium.chrome.ChromeDriver
Capabilities [{mobileEmulationEnabled=false, timeouts={implicit=0, pageLoad=300000, script=30000}, hasTouchScreen=false, platform=XP, acceptSslCerts=false, goog:chromeOptions={debuggerAddress=localhost:56976}, acceptInsecureCerts=false, webStorageEnabled=true, browserName=chrome, takesScreenshot=true, javascriptEnabled=true, setWindowRect=true, unexpectedAlertBehaviour=ignore, applicationCacheEnabled=false, rotatable=false, networkConnectionEnabled=false, chrome={chromedriverVersion=86.0.4240.22 (398b0743353ff36fb1b82468f63a3a93b4e2e89e-refs/branch-heads/4240@{#378}), userDataDir=C:\Users\Rajesh\AppData\Local\Temp\scoped_dir1988_1694695913}, takesHeapSnapshot=true, pageLoadStrategy=normal, strictFileInteractability=false, databaseEnabled=false, handlesAlerts=true, version=86.0.4240.75, browserConnectionEnabled=false, proxy={}, nativeEvents=true, locationContextEnabled=true, cssSelectorsEnabled=true, webauthn:virtualAuthenticators=true}]
Session ID: 4e337e52291b54f04b443b0992827b70
	at org.openqa.selenium.remote.ErrorHandler.createThrowable(ErrorHandler.java:206)
	at org.openqa.selenium.remote.ErrorHandler.throwIfResponseFailed(ErrorHandler.java:158)
	at org.openqa.selenium.remote.RemoteWebDriver.execute(RemoteWebDriver.java:678)
	at org.openqa.selenium.remote.RemoteWebDriver.execute(RemoteWebDriver.java:701)
	at org.openqa.selenium.remote.RemoteWebDriver.close(RemoteWebDriver.java:521)
	at com.dollardays.testcases.BaseTest.quit(BaseTest.java:183)
	at java.util.ArrayList.forEach(ArrayList.java:1259)
... Removed 36 stack frames
</div> <!-- stack-trace -->
                </div> <!-- method-content -->
              </div> <!-- method -->
              <div class="method">
                <div class="method-content">
                  <a name="TC_09_Validate_the_case_quantity_text_box_with_boundary_value_in_the_shopping_cart_page({TestCase=valid Login data, Password=c2FpYmFiYTE=, Runmode=Yes, SheetName=AddTOCartPPE, UserName=vid...)">
                  </a> <!-- TC_09_Validate_the_case_quantity_text_box_with_boundary_value_in_the_shopping_cart_page({TestCase=valid Login data, Password=c2FpYmFiYTE=, Runmode=Yes, SheetName=AddTOCartPPE, UserName=vid...) -->
                  <span class="method-name">TC_09_Validate_the_case_quantity_text_box_with_boundary_value_in_the_shopping_cart_page</span>
                  <span class="parameters">({TestCase=valid Login data, Password=c2FpYmFiYTE=, Runmode=Yes, SheetName=AddTOCartPPE, UserName=vidyancc@gmail.com, TCID=TC1})</span>
                  <div class="stack-trace">org.openqa.selenium.WebDriverException: chrome not reachable
  (Session info: chrome=86.0.4240.75)
  (Driver info: chromedriver=86.0.4240.22 (398b0743353ff36fb1b82468f63a3a93b4e2e89e-refs/branch-heads/4240@{#378}),platform=Windows NT 10.0.18362 x86_64) (WARNING: The server did not provide any stacktrace information)
Command duration or timeout: 245 milliseconds
Build info: version: &apos;2.53.1&apos;, revision: &apos;a36b8b1cd5757287168e54b817830adce9b0158d&apos;, time: &apos;2016-06-30 19:26:09&apos;
System info: host: &apos;MININT-UM25UFB&apos;, ip: &apos;10.0.75.1&apos;, os.name: &apos;Windows 10&apos;, os.arch: &apos;amd64&apos;, os.version: &apos;10.0&apos;, java.version: &apos;1.8.0_261&apos;
Driver info: org.openqa.selenium.chrome.ChromeDriver
Capabilities [{mobileEmulationEnabled=false, timeouts={implicit=0, pageLoad=300000, script=30000}, hasTouchScreen=false, platform=XP, acceptSslCerts=false, goog:chromeOptions={debuggerAddress=localhost:56976}, acceptInsecureCerts=false, webStorageEnabled=true, browserName=chrome, takesScreenshot=true, javascriptEnabled=true, setWindowRect=true, unexpectedAlertBehaviour=ignore, applicationCacheEnabled=false, rotatable=false, networkConnectionEnabled=false, chrome={chromedriverVersion=86.0.4240.22 (398b0743353ff36fb1b82468f63a3a93b4e2e89e-refs/branch-heads/4240@{#378}), userDataDir=C:\Users\Rajesh\AppData\Local\Temp\scoped_dir1988_1694695913}, takesHeapSnapshot=true, pageLoadStrategy=normal, strictFileInteractability=false, databaseEnabled=false, handlesAlerts=true, version=86.0.4240.75, browserConnectionEnabled=false, proxy={}, nativeEvents=true, locationContextEnabled=true, cssSelectorsEnabled=true, webauthn:virtualAuthenticators=true}]
Session ID: 4e337e52291b54f04b443b0992827b70
	at org.openqa.selenium.remote.ErrorHandler.createThrowable(ErrorHandler.java:206)
	at org.openqa.selenium.remote.ErrorHandler.throwIfResponseFailed(ErrorHandler.java:158)
	at org.openqa.selenium.remote.RemoteWebDriver.execute(RemoteWebDriver.java:678)
	at org.openqa.selenium.remote.RemoteWebDriver.execute(RemoteWebDriver.java:701)
	at org.openqa.selenium.remote.RemoteWebDriver.close(RemoteWebDriver.java:521)
	at com.dollardays.testcases.BaseTest.quit(BaseTest.java:183)
	at java.util.ArrayList.forEach(ArrayList.java:1259)
... Removed 36 stack frames
</div> <!-- stack-trace -->
                </div> <!-- method-content -->
              </div> <!-- method -->
              <div class="method">
                <div class="method-content">
                  <a name="TC_10_Validate_the_cart_when_the_user_signoff_and_signin_with_valid_credentials({TestCase=valid Login data, Password=c2FpYmFiYTE=, Runmode=Yes, SheetName=AddTOCartPPE, UserName=vid...)">
                  </a> <!-- TC_10_Validate_the_cart_when_the_user_signoff_and_signin_with_valid_credentials({TestCase=valid Login data, Password=c2FpYmFiYTE=, Runmode=Yes, SheetName=AddTOCartPPE, UserName=vid...) -->
                  <span class="method-name">TC_10_Validate_the_cart_when_the_user_signoff_and_signin_with_valid_credentials</span>
                  <span class="parameters">({TestCase=valid Login data, Password=c2FpYmFiYTE=, Runmode=Yes, SheetName=AddTOCartPPE, UserName=vidyancc@gmail.com, TCID=TC1})</span>
                  <div class="stack-trace">org.openqa.selenium.WebDriverException: chrome not reachable
  (Session info: chrome=86.0.4240.75)
  (Driver info: chromedriver=86.0.4240.22 (398b0743353ff36fb1b82468f63a3a93b4e2e89e-refs/branch-heads/4240@{#378}),platform=Windows NT 10.0.18362 x86_64) (WARNING: The server did not provide any stacktrace information)
Command duration or timeout: 245 milliseconds
Build info: version: &apos;2.53.1&apos;, revision: &apos;a36b8b1cd5757287168e54b817830adce9b0158d&apos;, time: &apos;2016-06-30 19:26:09&apos;
System info: host: &apos;MININT-UM25UFB&apos;, ip: &apos;10.0.75.1&apos;, os.name: &apos;Windows 10&apos;, os.arch: &apos;amd64&apos;, os.version: &apos;10.0&apos;, java.version: &apos;1.8.0_261&apos;
Driver info: org.openqa.selenium.chrome.ChromeDriver
Capabilities [{mobileEmulationEnabled=false, timeouts={implicit=0, pageLoad=300000, script=30000}, hasTouchScreen=false, platform=XP, acceptSslCerts=false, goog:chromeOptions={debuggerAddress=localhost:56976}, acceptInsecureCerts=false, webStorageEnabled=true, browserName=chrome, takesScreenshot=true, javascriptEnabled=true, setWindowRect=true, unexpectedAlertBehaviour=ignore, applicationCacheEnabled=false, rotatable=false, networkConnectionEnabled=false, chrome={chromedriverVersion=86.0.4240.22 (398b0743353ff36fb1b82468f63a3a93b4e2e89e-refs/branch-heads/4240@{#378}), userDataDir=C:\Users\Rajesh\AppData\Local\Temp\scoped_dir1988_1694695913}, takesHeapSnapshot=true, pageLoadStrategy=normal, strictFileInteractability=false, databaseEnabled=false, handlesAlerts=true, version=86.0.4240.75, browserConnectionEnabled=false, proxy={}, nativeEvents=true, locationContextEnabled=true, cssSelectorsEnabled=true, webauthn:virtualAuthenticators=true}]
Session ID: 4e337e52291b54f04b443b0992827b70
	at org.openqa.selenium.remote.ErrorHandler.createThrowable(ErrorHandler.java:206)
	at org.openqa.selenium.remote.ErrorHandler.throwIfResponseFailed(ErrorHandler.java:158)
	at org.openqa.selenium.remote.RemoteWebDriver.execute(RemoteWebDriver.java:678)
	at org.openqa.selenium.remote.RemoteWebDriver.execute(RemoteWebDriver.java:701)
	at org.openqa.selenium.remote.RemoteWebDriver.close(RemoteWebDriver.java:521)
	at com.dollardays.testcases.BaseTest.quit(BaseTest.java:183)
	at java.util.ArrayList.forEach(ArrayList.java:1259)
... Removed 36 stack frames
</div> <!-- stack-trace -->
                </div> <!-- method-content -->
              </div> <!-- method -->
              <div class="method">
                <div class="method-content">
                  <a name="TC_11_validate_no_of_cases_textbox_with_valid_data({TestCase=valid Login data, Password=c2FpYmFiYTE=, Runmode=Yes, SheetName=AddTOCartPPE, UserName=vid...)">
                  </a> <!-- TC_11_validate_no_of_cases_textbox_with_valid_data({TestCase=valid Login data, Password=c2FpYmFiYTE=, Runmode=Yes, SheetName=AddTOCartPPE, UserName=vid...) -->
                  <span class="method-name">TC_11_validate_no_of_cases_textbox_with_valid_data</span>
                  <span class="parameters">({TestCase=valid Login data, Password=c2FpYmFiYTE=, Runmode=Yes, SheetName=AddTOCartPPE, UserName=vidyancc@gmail.com, TCID=TC1})</span>
                  <div class="stack-trace">org.openqa.selenium.WebDriverException: chrome not reachable
  (Session info: chrome=86.0.4240.75)
  (Driver info: chromedriver=86.0.4240.22 (398b0743353ff36fb1b82468f63a3a93b4e2e89e-refs/branch-heads/4240@{#378}),platform=Windows NT 10.0.18362 x86_64) (WARNING: The server did not provide any stacktrace information)
Command duration or timeout: 245 milliseconds
Build info: version: &apos;2.53.1&apos;, revision: &apos;a36b8b1cd5757287168e54b817830adce9b0158d&apos;, time: &apos;2016-06-30 19:26:09&apos;
System info: host: &apos;MININT-UM25UFB&apos;, ip: &apos;10.0.75.1&apos;, os.name: &apos;Windows 10&apos;, os.arch: &apos;amd64&apos;, os.version: &apos;10.0&apos;, java.version: &apos;1.8.0_261&apos;
Driver info: org.openqa.selenium.chrome.ChromeDriver
Capabilities [{mobileEmulationEnabled=false, timeouts={implicit=0, pageLoad=300000, script=30000}, hasTouchScreen=false, platform=XP, acceptSslCerts=false, goog:chromeOptions={debuggerAddress=localhost:56976}, acceptInsecureCerts=false, webStorageEnabled=true, browserName=chrome, takesScreenshot=true, javascriptEnabled=true, setWindowRect=true, unexpectedAlertBehaviour=ignore, applicationCacheEnabled=false, rotatable=false, networkConnectionEnabled=false, chrome={chromedriverVersion=86.0.4240.22 (398b0743353ff36fb1b82468f63a3a93b4e2e89e-refs/branch-heads/4240@{#378}), userDataDir=C:\Users\Rajesh\AppData\Local\Temp\scoped_dir1988_1694695913}, takesHeapSnapshot=true, pageLoadStrategy=normal, strictFileInteractability=false, databaseEnabled=false, handlesAlerts=true, version=86.0.4240.75, browserConnectionEnabled=false, proxy={}, nativeEvents=true, locationContextEnabled=true, cssSelectorsEnabled=true, webauthn:virtualAuthenticators=true}]
Session ID: 4e337e52291b54f04b443b0992827b70
	at org.openqa.selenium.remote.ErrorHandler.createThrowable(ErrorHandler.java:206)
	at org.openqa.selenium.remote.ErrorHandler.throwIfResponseFailed(ErrorHandler.java:158)
	at org.openqa.selenium.remote.RemoteWebDriver.execute(RemoteWebDriver.java:678)
	at org.openqa.selenium.remote.RemoteWebDriver.execute(RemoteWebDriver.java:701)
	at org.openqa.selenium.remote.RemoteWebDriver.close(RemoteWebDriver.java:521)
	at com.dollardays.testcases.BaseTest.quit(BaseTest.java:183)
	at java.util.ArrayList.forEach(ArrayList.java:1259)
... Removed 36 stack frames
</div> <!-- stack-trace -->
                </div> <!-- method-content -->
              </div> <!-- method -->
              <div class="method">
                <div class="method-content">
                  <a name="TC_12_Validate_the_number_of_case_text_box_in_the_product_page({TestCase=valid Login data, Password=c2FpYmFiYTE=, Runmode=Yes, SheetName=AddTOCartPPE, UserName=vid...)">
                  </a> <!-- TC_12_Validate_the_number_of_case_text_box_in_the_product_page({TestCase=valid Login data, Password=c2FpYmFiYTE=, Runmode=Yes, SheetName=AddTOCartPPE, UserName=vid...) -->
                  <span class="method-name">TC_12_Validate_the_number_of_case_text_box_in_the_product_page</span>
                  <span class="parameters">({TestCase=valid Login data, Password=c2FpYmFiYTE=, Runmode=Yes, SheetName=AddTOCartPPE, UserName=vidyancc@gmail.com, TCID=TC1})</span>
                  <div class="stack-trace">org.openqa.selenium.WebDriverException: chrome not reachable
  (Session info: chrome=86.0.4240.75)
  (Driver info: chromedriver=86.0.4240.22 (398b0743353ff36fb1b82468f63a3a93b4e2e89e-refs/branch-heads/4240@{#378}),platform=Windows NT 10.0.18362 x86_64) (WARNING: The server did not provide any stacktrace information)
Command duration or timeout: 245 milliseconds
Build info: version: &apos;2.53.1&apos;, revision: &apos;a36b8b1cd5757287168e54b817830adce9b0158d&apos;, time: &apos;2016-06-30 19:26:09&apos;
System info: host: &apos;MININT-UM25UFB&apos;, ip: &apos;10.0.75.1&apos;, os.name: &apos;Windows 10&apos;, os.arch: &apos;amd64&apos;, os.version: &apos;10.0&apos;, java.version: &apos;1.8.0_261&apos;
Driver info: org.openqa.selenium.chrome.ChromeDriver
Capabilities [{mobileEmulationEnabled=false, timeouts={implicit=0, pageLoad=300000, script=30000}, hasTouchScreen=false, platform=XP, acceptSslCerts=false, goog:chromeOptions={debuggerAddress=localhost:56976}, acceptInsecureCerts=false, webStorageEnabled=true, browserName=chrome, takesScreenshot=true, javascriptEnabled=true, setWindowRect=true, unexpectedAlertBehaviour=ignore, applicationCacheEnabled=false, rotatable=false, networkConnectionEnabled=false, chrome={chromedriverVersion=86.0.4240.22 (398b0743353ff36fb1b82468f63a3a93b4e2e89e-refs/branch-heads/4240@{#378}), userDataDir=C:\Users\Rajesh\AppData\Local\Temp\scoped_dir1988_1694695913}, takesHeapSnapshot=true, pageLoadStrategy=normal, strictFileInteractability=false, databaseEnabled=false, handlesAlerts=true, version=86.0.4240.75, browserConnectionEnabled=false, proxy={}, nativeEvents=true, locationContextEnabled=true, cssSelectorsEnabled=true, webauthn:virtualAuthenticators=true}]
Session ID: 4e337e52291b54f04b443b0992827b70
	at org.openqa.selenium.remote.ErrorHandler.createThrowable(ErrorHandler.java:206)
	at org.openqa.selenium.remote.ErrorHandler.throwIfResponseFailed(ErrorHandler.java:158)
	at org.openqa.selenium.remote.RemoteWebDriver.execute(RemoteWebDriver.java:678)
	at org.openqa.selenium.remote.RemoteWebDriver.execute(RemoteWebDriver.java:701)
	at org.openqa.selenium.remote.RemoteWebDriver.close(RemoteWebDriver.java:521)
	at com.dollardays.testcases.BaseTest.quit(BaseTest.java:183)
	at java.util.ArrayList.forEach(ArrayList.java:1259)
... Removed 36 stack frames
</div> <!-- stack-trace -->
                </div> <!-- method-content -->
              </div> <!-- method -->
              <div class="method">
                <div class="method-content">
                  <a name="TC_13_validate_no_of_cases_textbox_with_zero({TestCase=valid Login data, Password=c2FpYmFiYTE=, Runmode=Yes, SheetName=AddTOCartPPE, UserName=vid...)">
                  </a> <!-- TC_13_validate_no_of_cases_textbox_with_zero({TestCase=valid Login data, Password=c2FpYmFiYTE=, Runmode=Yes, SheetName=AddTOCartPPE, UserName=vid...) -->
                  <span class="method-name">TC_13_validate_no_of_cases_textbox_with_zero</span>
                  <span class="parameters">({TestCase=valid Login data, Password=c2FpYmFiYTE=, Runmode=Yes, SheetName=AddTOCartPPE, UserName=vidyancc@gmail.com, TCID=TC1})</span>
                  <div class="stack-trace">org.openqa.selenium.WebDriverException: chrome not reachable
  (Session info: chrome=86.0.4240.75)
  (Driver info: chromedriver=86.0.4240.22 (398b0743353ff36fb1b82468f63a3a93b4e2e89e-refs/branch-heads/4240@{#378}),platform=Windows NT 10.0.18362 x86_64) (WARNING: The server did not provide any stacktrace information)
Command duration or timeout: 245 milliseconds
Build info: version: &apos;2.53.1&apos;, revision: &apos;a36b8b1cd5757287168e54b817830adce9b0158d&apos;, time: &apos;2016-06-30 19:26:09&apos;
System info: host: &apos;MININT-UM25UFB&apos;, ip: &apos;10.0.75.1&apos;, os.name: &apos;Windows 10&apos;, os.arch: &apos;amd64&apos;, os.version: &apos;10.0&apos;, java.version: &apos;1.8.0_261&apos;
Driver info: org.openqa.selenium.chrome.ChromeDriver
Capabilities [{mobileEmulationEnabled=false, timeouts={implicit=0, pageLoad=300000, script=30000}, hasTouchScreen=false, platform=XP, acceptSslCerts=false, goog:chromeOptions={debuggerAddress=localhost:56976}, acceptInsecureCerts=false, webStorageEnabled=true, browserName=chrome, takesScreenshot=true, javascriptEnabled=true, setWindowRect=true, unexpectedAlertBehaviour=ignore, applicationCacheEnabled=false, rotatable=false, networkConnectionEnabled=false, chrome={chromedriverVersion=86.0.4240.22 (398b0743353ff36fb1b82468f63a3a93b4e2e89e-refs/branch-heads/4240@{#378}), userDataDir=C:\Users\Rajesh\AppData\Local\Temp\scoped_dir1988_1694695913}, takesHeapSnapshot=true, pageLoadStrategy=normal, strictFileInteractability=false, databaseEnabled=false, handlesAlerts=true, version=86.0.4240.75, browserConnectionEnabled=false, proxy={}, nativeEvents=true, locationContextEnabled=true, cssSelectorsEnabled=true, webauthn:virtualAuthenticators=true}]
Session ID: 4e337e52291b54f04b443b0992827b70
	at org.openqa.selenium.remote.ErrorHandler.createThrowable(ErrorHandler.java:206)
	at org.openqa.selenium.remote.ErrorHandler.throwIfResponseFailed(ErrorHandler.java:158)
	at org.openqa.selenium.remote.RemoteWebDriver.execute(RemoteWebDriver.java:678)
	at org.openqa.selenium.remote.RemoteWebDriver.execute(RemoteWebDriver.java:701)
	at org.openqa.selenium.remote.RemoteWebDriver.close(RemoteWebDriver.java:521)
	at com.dollardays.testcases.BaseTest.quit(BaseTest.java:183)
	at java.util.ArrayList.forEach(ArrayList.java:1259)
... Removed 36 stack frames
</div> <!-- stack-trace -->
                </div> <!-- method-content -->
              </div> <!-- method -->
              <div class="method">
                <div class="method-content">
                  <a name="TC_14_validate_no_of_cases_textbox_with_character({TestCase=valid Login data, Password=c2FpYmFiYTE=, Runmode=Yes, SheetName=AddTOCartPPE, UserName=vid...)">
                  </a> <!-- TC_14_validate_no_of_cases_textbox_with_character({TestCase=valid Login data, Password=c2FpYmFiYTE=, Runmode=Yes, SheetName=AddTOCartPPE, UserName=vid...) -->
                  <span class="method-name">TC_14_validate_no_of_cases_textbox_with_character</span>
                  <span class="parameters">({TestCase=valid Login data, Password=c2FpYmFiYTE=, Runmode=Yes, SheetName=AddTOCartPPE, UserName=vidyancc@gmail.com, TCID=TC1})</span>
                  <div class="stack-trace">org.openqa.selenium.WebDriverException: chrome not reachable
  (Session info: chrome=86.0.4240.75)
  (Driver info: chromedriver=86.0.4240.22 (398b0743353ff36fb1b82468f63a3a93b4e2e89e-refs/branch-heads/4240@{#378}),platform=Windows NT 10.0.18362 x86_64) (WARNING: The server did not provide any stacktrace information)
Command duration or timeout: 245 milliseconds
Build info: version: &apos;2.53.1&apos;, revision: &apos;a36b8b1cd5757287168e54b817830adce9b0158d&apos;, time: &apos;2016-06-30 19:26:09&apos;
System info: host: &apos;MININT-UM25UFB&apos;, ip: &apos;10.0.75.1&apos;, os.name: &apos;Windows 10&apos;, os.arch: &apos;amd64&apos;, os.version: &apos;10.0&apos;, java.version: &apos;1.8.0_261&apos;
Driver info: org.openqa.selenium.chrome.ChromeDriver
Capabilities [{mobileEmulationEnabled=false, timeouts={implicit=0, pageLoad=300000, script=30000}, hasTouchScreen=false, platform=XP, acceptSslCerts=false, goog:chromeOptions={debuggerAddress=localhost:56976}, acceptInsecureCerts=false, webStorageEnabled=true, browserName=chrome, takesScreenshot=true, javascriptEnabled=true, setWindowRect=true, unexpectedAlertBehaviour=ignore, applicationCacheEnabled=false, rotatable=false, networkConnectionEnabled=false, chrome={chromedriverVersion=86.0.4240.22 (398b0743353ff36fb1b82468f63a3a93b4e2e89e-refs/branch-heads/4240@{#378}), userDataDir=C:\Users\Rajesh\AppData\Local\Temp\scoped_dir1988_1694695913}, takesHeapSnapshot=true, pageLoadStrategy=normal, strictFileInteractability=false, databaseEnabled=false, handlesAlerts=true, version=86.0.4240.75, browserConnectionEnabled=false, proxy={}, nativeEvents=true, locationContextEnabled=true, cssSelectorsEnabled=true, webauthn:virtualAuthenticators=true}]
Session ID: 4e337e52291b54f04b443b0992827b70
	at org.openqa.selenium.remote.ErrorHandler.createThrowable(ErrorHandler.java:206)
	at org.openqa.selenium.remote.ErrorHandler.throwIfResponseFailed(ErrorHandler.java:158)
	at org.openqa.selenium.remote.RemoteWebDriver.execute(RemoteWebDriver.java:678)
	at org.openqa.selenium.remote.RemoteWebDriver.execute(RemoteWebDriver.java:701)
	at org.openqa.selenium.remote.RemoteWebDriver.close(RemoteWebDriver.java:521)
	at com.dollardays.testcases.BaseTest.quit(BaseTest.java:183)
	at java.util.ArrayList.forEach(ArrayList.java:1259)
... Removed 36 stack frames
</div> <!-- stack-trace -->
                </div> <!-- method-content -->
              </div> <!-- method -->
              <div class="method">
                <div class="method-content">
                  <a name="TC_15_ValidateAddToCart_BuyNow_smallercasepacks({TestCase=valid Login data, Password=c2FpYmFiYTE=, Runmode=Yes, SheetName=AddTOCartPPE, UserName=vid...)">
                  </a> <!-- TC_15_ValidateAddToCart_BuyNow_smallercasepacks({TestCase=valid Login data, Password=c2FpYmFiYTE=, Runmode=Yes, SheetName=AddTOCartPPE, UserName=vid...) -->
                  <span class="method-name">TC_15_ValidateAddToCart_BuyNow_smallercasepacks</span>
                  <span class="parameters">({TestCase=valid Login data, Password=c2FpYmFiYTE=, Runmode=Yes, SheetName=AddTOCartPPE, UserName=vidyancc@gmail.com, TCID=TC1})</span>
                  <div class="stack-trace">org.openqa.selenium.WebDriverException: chrome not reachable
  (Session info: chrome=86.0.4240.75)
  (Driver info: chromedriver=86.0.4240.22 (398b0743353ff36fb1b82468f63a3a93b4e2e89e-refs/branch-heads/4240@{#378}),platform=Windows NT 10.0.18362 x86_64) (WARNING: The server did not provide any stacktrace information)
Command duration or timeout: 245 milliseconds
Build info: version: &apos;2.53.1&apos;, revision: &apos;a36b8b1cd5757287168e54b817830adce9b0158d&apos;, time: &apos;2016-06-30 19:26:09&apos;
System info: host: &apos;MININT-UM25UFB&apos;, ip: &apos;10.0.75.1&apos;, os.name: &apos;Windows 10&apos;, os.arch: &apos;amd64&apos;, os.version: &apos;10.0&apos;, java.version: &apos;1.8.0_261&apos;
Driver info: org.openqa.selenium.chrome.ChromeDriver
Capabilities [{mobileEmulationEnabled=false, timeouts={implicit=0, pageLoad=300000, script=30000}, hasTouchScreen=false, platform=XP, acceptSslCerts=false, goog:chromeOptions={debuggerAddress=localhost:56976}, acceptInsecureCerts=false, webStorageEnabled=true, browserName=chrome, takesScreenshot=true, javascriptEnabled=true, setWindowRect=true, unexpectedAlertBehaviour=ignore, applicationCacheEnabled=false, rotatable=false, networkConnectionEnabled=false, chrome={chromedriverVersion=86.0.4240.22 (398b0743353ff36fb1b82468f63a3a93b4e2e89e-refs/branch-heads/4240@{#378}), userDataDir=C:\Users\Rajesh\AppData\Local\Temp\scoped_dir1988_1694695913}, takesHeapSnapshot=true, pageLoadStrategy=normal, strictFileInteractability=false, databaseEnabled=false, handlesAlerts=true, version=86.0.4240.75, browserConnectionEnabled=false, proxy={}, nativeEvents=true, locationContextEnabled=true, cssSelectorsEnabled=true, webauthn:virtualAuthenticators=true}]
Session ID: 4e337e52291b54f04b443b0992827b70
	at org.openqa.selenium.remote.ErrorHandler.createThrowable(ErrorHandler.java:206)
	at org.openqa.selenium.remote.ErrorHandler.throwIfResponseFailed(ErrorHandler.java:158)
	at org.openqa.selenium.remote.RemoteWebDriver.execute(RemoteWebDriver.java:678)
	at org.openqa.selenium.remote.RemoteWebDriver.execute(RemoteWebDriver.java:701)
	at org.openqa.selenium.remote.RemoteWebDriver.close(RemoteWebDriver.java:521)
	at com.dollardays.testcases.BaseTest.quit(BaseTest.java:183)
	at java.util.ArrayList.forEach(ArrayList.java:1259)
... Removed 36 stack frames
</div> <!-- stack-trace -->
                </div> <!-- method-content -->
              </div> <!-- method -->
              <div class="method">
                <div class="method-content">
                  <a name="TC_16_ValidateAddToCart_BuyNow_3PlyFaceMask({TestCase=valid Login data, Password=c2FpYmFiYTE=, Runmode=Yes, SheetName=AddTOCartPPE, UserName=vid...)">
                  </a> <!-- TC_16_ValidateAddToCart_BuyNow_3PlyFaceMask({TestCase=valid Login data, Password=c2FpYmFiYTE=, Runmode=Yes, SheetName=AddTOCartPPE, UserName=vid...) -->
                  <span class="method-name">TC_16_ValidateAddToCart_BuyNow_3PlyFaceMask</span>
                  <span class="parameters">({TestCase=valid Login data, Password=c2FpYmFiYTE=, Runmode=Yes, SheetName=AddTOCartPPE, UserName=vidyancc@gmail.com, TCID=TC1})</span>
                  <div class="stack-trace">org.openqa.selenium.WebDriverException: chrome not reachable
  (Session info: chrome=86.0.4240.75)
  (Driver info: chromedriver=86.0.4240.22 (398b0743353ff36fb1b82468f63a3a93b4e2e89e-refs/branch-heads/4240@{#378}),platform=Windows NT 10.0.18362 x86_64) (WARNING: The server did not provide any stacktrace information)
Command duration or timeout: 245 milliseconds
Build info: version: &apos;2.53.1&apos;, revision: &apos;a36b8b1cd5757287168e54b817830adce9b0158d&apos;, time: &apos;2016-06-30 19:26:09&apos;
System info: host: &apos;MININT-UM25UFB&apos;, ip: &apos;10.0.75.1&apos;, os.name: &apos;Windows 10&apos;, os.arch: &apos;amd64&apos;, os.version: &apos;10.0&apos;, java.version: &apos;1.8.0_261&apos;
Driver info: org.openqa.selenium.chrome.ChromeDriver
Capabilities [{mobileEmulationEnabled=false, timeouts={implicit=0, pageLoad=300000, script=30000}, hasTouchScreen=false, platform=XP, acceptSslCerts=false, goog:chromeOptions={debuggerAddress=localhost:56976}, acceptInsecureCerts=false, webStorageEnabled=true, browserName=chrome, takesScreenshot=true, javascriptEnabled=true, setWindowRect=true, unexpectedAlertBehaviour=ignore, applicationCacheEnabled=false, rotatable=false, networkConnectionEnabled=false, chrome={chromedriverVersion=86.0.4240.22 (398b0743353ff36fb1b82468f63a3a93b4e2e89e-refs/branch-heads/4240@{#378}), userDataDir=C:\Users\Rajesh\AppData\Local\Temp\scoped_dir1988_1694695913}, takesHeapSnapshot=true, pageLoadStrategy=normal, strictFileInteractability=false, databaseEnabled=false, handlesAlerts=true, version=86.0.4240.75, browserConnectionEnabled=false, proxy={}, nativeEvents=true, locationContextEnabled=true, cssSelectorsEnabled=true, webauthn:virtualAuthenticators=true}]
Session ID: 4e337e52291b54f04b443b0992827b70
	at org.openqa.selenium.remote.ErrorHandler.createThrowable(ErrorHandler.java:206)
	at org.openqa.selenium.remote.ErrorHandler.throwIfResponseFailed(ErrorHandler.java:158)
	at org.openqa.selenium.remote.RemoteWebDriver.execute(RemoteWebDriver.java:678)
	at org.openqa.selenium.remote.RemoteWebDriver.execute(RemoteWebDriver.java:701)
	at org.openqa.selenium.remote.RemoteWebDriver.close(RemoteWebDriver.java:521)
	at com.dollardays.testcases.BaseTest.quit(BaseTest.java:183)
	at java.util.ArrayList.forEach(ArrayList.java:1259)
... Removed 36 stack frames
</div> <!-- stack-trace -->
                </div> <!-- method-content -->
              </div> <!-- method -->
              <div class="method">
                <div class="method-content">
                  <a name="TC_17_ValidateAddToCart_BuyNow_PremiumAlcoholWipes({TestCase=valid Login data, Password=c2FpYmFiYTE=, Runmode=Yes, SheetName=AddTOCartPPE, UserName=vid...)">
                  </a> <!-- TC_17_ValidateAddToCart_BuyNow_PremiumAlcoholWipes({TestCase=valid Login data, Password=c2FpYmFiYTE=, Runmode=Yes, SheetName=AddTOCartPPE, UserName=vid...) -->
                  <span class="method-name">TC_17_ValidateAddToCart_BuyNow_PremiumAlcoholWipes</span>
                  <span class="parameters">({TestCase=valid Login data, Password=c2FpYmFiYTE=, Runmode=Yes, SheetName=AddTOCartPPE, UserName=vidyancc@gmail.com, TCID=TC1})</span>
                  <div class="stack-trace">org.openqa.selenium.WebDriverException: chrome not reachable
  (Session info: chrome=86.0.4240.75)
  (Driver info: chromedriver=86.0.4240.22 (398b0743353ff36fb1b82468f63a3a93b4e2e89e-refs/branch-heads/4240@{#378}),platform=Windows NT 10.0.18362 x86_64) (WARNING: The server did not provide any stacktrace information)
Command duration or timeout: 245 milliseconds
Build info: version: &apos;2.53.1&apos;, revision: &apos;a36b8b1cd5757287168e54b817830adce9b0158d&apos;, time: &apos;2016-06-30 19:26:09&apos;
System info: host: &apos;MININT-UM25UFB&apos;, ip: &apos;10.0.75.1&apos;, os.name: &apos;Windows 10&apos;, os.arch: &apos;amd64&apos;, os.version: &apos;10.0&apos;, java.version: &apos;1.8.0_261&apos;
Driver info: org.openqa.selenium.chrome.ChromeDriver
Capabilities [{mobileEmulationEnabled=false, timeouts={implicit=0, pageLoad=300000, script=30000}, hasTouchScreen=false, platform=XP, acceptSslCerts=false, goog:chromeOptions={debuggerAddress=localhost:56976}, acceptInsecureCerts=false, webStorageEnabled=true, browserName=chrome, takesScreenshot=true, javascriptEnabled=true, setWindowRect=true, unexpectedAlertBehaviour=ignore, applicationCacheEnabled=false, rotatable=false, networkConnectionEnabled=false, chrome={chromedriverVersion=86.0.4240.22 (398b0743353ff36fb1b82468f63a3a93b4e2e89e-refs/branch-heads/4240@{#378}), userDataDir=C:\Users\Rajesh\AppData\Local\Temp\scoped_dir1988_1694695913}, takesHeapSnapshot=true, pageLoadStrategy=normal, strictFileInteractability=false, databaseEnabled=false, handlesAlerts=true, version=86.0.4240.75, browserConnectionEnabled=false, proxy={}, nativeEvents=true, locationContextEnabled=true, cssSelectorsEnabled=true, webauthn:virtualAuthenticators=true}]
Session ID: 4e337e52291b54f04b443b0992827b70
	at org.openqa.selenium.remote.ErrorHandler.createThrowable(ErrorHandler.java:206)
	at org.openqa.selenium.remote.ErrorHandler.throwIfResponseFailed(ErrorHandler.java:158)
	at org.openqa.selenium.remote.RemoteWebDriver.execute(RemoteWebDriver.java:678)
	at org.openqa.selenium.remote.RemoteWebDriver.execute(RemoteWebDriver.java:701)
	at org.openqa.selenium.remote.RemoteWebDriver.close(RemoteWebDriver.java:521)
	at com.dollardays.testcases.BaseTest.quit(BaseTest.java:183)
	at java.util.ArrayList.forEach(ArrayList.java:1259)
... Removed 36 stack frames
</div> <!-- stack-trace -->
                </div> <!-- method-content -->
              </div> <!-- method -->
              <div class="method">
                <div class="method-content">
                  <a name="TC_18_ValidateAddToCartFromSearchbarWithnoData({TestCase=valid Login data, Password=c2FpYmFiYTE=, Runmode=Yes, SheetName=AddTOCartPPE, UserName=vid...)">
                  </a> <!-- TC_18_ValidateAddToCartFromSearchbarWithnoData({TestCase=valid Login data, Password=c2FpYmFiYTE=, Runmode=Yes, SheetName=AddTOCartPPE, UserName=vid...) -->
                  <span class="method-name">TC_18_ValidateAddToCartFromSearchbarWithnoData</span>
                  <span class="parameters">({TestCase=valid Login data, Password=c2FpYmFiYTE=, Runmode=Yes, SheetName=AddTOCartPPE, UserName=vidyancc@gmail.com, TCID=TC1})</span>
                  <div class="stack-trace">org.openqa.selenium.WebDriverException: chrome not reachable
  (Session info: chrome=86.0.4240.75)
  (Driver info: chromedriver=86.0.4240.22 (398b0743353ff36fb1b82468f63a3a93b4e2e89e-refs/branch-heads/4240@{#378}),platform=Windows NT 10.0.18362 x86_64) (WARNING: The server did not provide any stacktrace information)
Command duration or timeout: 245 milliseconds
Build info: version: &apos;2.53.1&apos;, revision: &apos;a36b8b1cd5757287168e54b817830adce9b0158d&apos;, time: &apos;2016-06-30 19:26:09&apos;
System info: host: &apos;MININT-UM25UFB&apos;, ip: &apos;10.0.75.1&apos;, os.name: &apos;Windows 10&apos;, os.arch: &apos;amd64&apos;, os.version: &apos;10.0&apos;, java.version: &apos;1.8.0_261&apos;
Driver info: org.openqa.selenium.chrome.ChromeDriver
Capabilities [{mobileEmulationEnabled=false, timeouts={implicit=0, pageLoad=300000, script=30000}, hasTouchScreen=false, platform=XP, acceptSslCerts=false, goog:chromeOptions={debuggerAddress=localhost:56976}, acceptInsecureCerts=false, webStorageEnabled=true, browserName=chrome, takesScreenshot=true, javascriptEnabled=true, setWindowRect=true, unexpectedAlertBehaviour=ignore, applicationCacheEnabled=false, rotatable=false, networkConnectionEnabled=false, chrome={chromedriverVersion=86.0.4240.22 (398b0743353ff36fb1b82468f63a3a93b4e2e89e-refs/branch-heads/4240@{#378}), userDataDir=C:\Users\Rajesh\AppData\Local\Temp\scoped_dir1988_1694695913}, takesHeapSnapshot=true, pageLoadStrategy=normal, strictFileInteractability=false, databaseEnabled=false, handlesAlerts=true, version=86.0.4240.75, browserConnectionEnabled=false, proxy={}, nativeEvents=true, locationContextEnabled=true, cssSelectorsEnabled=true, webauthn:virtualAuthenticators=true}]
Session ID: 4e337e52291b54f04b443b0992827b70
	at org.openqa.selenium.remote.ErrorHandler.createThrowable(ErrorHandler.java:206)
	at org.openqa.selenium.remote.ErrorHandler.throwIfResponseFailed(ErrorHandler.java:158)
	at org.openqa.selenium.remote.RemoteWebDriver.execute(RemoteWebDriver.java:678)
	at org.openqa.selenium.remote.RemoteWebDriver.execute(RemoteWebDriver.java:701)
	at org.openqa.selenium.remote.RemoteWebDriver.close(RemoteWebDriver.java:521)
	at com.dollardays.testcases.BaseTest.quit(BaseTest.java:183)
	at java.util.ArrayList.forEach(ArrayList.java:1259)
... Removed 36 stack frames
</div> <!-- stack-trace -->
                </div> <!-- method-content -->
              </div> <!-- method -->
              <div class="method">
                <div class="method-content">
                  <a name="TC_19_ValidateAddToCartFromSearchbarWithValidData({TestCase=valid Login data, Password=c2FpYmFiYTE=, Runmode=Yes, SheetName=AddTOCartPPE, UserName=vid...)">
                  </a> <!-- TC_19_ValidateAddToCartFromSearchbarWithValidData({TestCase=valid Login data, Password=c2FpYmFiYTE=, Runmode=Yes, SheetName=AddTOCartPPE, UserName=vid...) -->
                  <span class="method-name">TC_19_ValidateAddToCartFromSearchbarWithValidData</span>
                  <span class="parameters">({TestCase=valid Login data, Password=c2FpYmFiYTE=, Runmode=Yes, SheetName=AddTOCartPPE, UserName=vidyancc@gmail.com, TCID=TC1})</span>
                  <div class="stack-trace">org.openqa.selenium.WebDriverException: chrome not reachable
  (Session info: chrome=86.0.4240.75)
  (Driver info: chromedriver=86.0.4240.22 (398b0743353ff36fb1b82468f63a3a93b4e2e89e-refs/branch-heads/4240@{#378}),platform=Windows NT 10.0.18362 x86_64) (WARNING: The server did not provide any stacktrace information)
Command duration or timeout: 245 milliseconds
Build info: version: &apos;2.53.1&apos;, revision: &apos;a36b8b1cd5757287168e54b817830adce9b0158d&apos;, time: &apos;2016-06-30 19:26:09&apos;
System info: host: &apos;MININT-UM25UFB&apos;, ip: &apos;10.0.75.1&apos;, os.name: &apos;Windows 10&apos;, os.arch: &apos;amd64&apos;, os.version: &apos;10.0&apos;, java.version: &apos;1.8.0_261&apos;
Driver info: org.openqa.selenium.chrome.ChromeDriver
Capabilities [{mobileEmulationEnabled=false, timeouts={implicit=0, pageLoad=300000, script=30000}, hasTouchScreen=false, platform=XP, acceptSslCerts=false, goog:chromeOptions={debuggerAddress=localhost:56976}, acceptInsecureCerts=false, webStorageEnabled=true, browserName=chrome, takesScreenshot=true, javascriptEnabled=true, setWindowRect=true, unexpectedAlertBehaviour=ignore, applicationCacheEnabled=false, rotatable=false, networkConnectionEnabled=false, chrome={chromedriverVersion=86.0.4240.22 (398b0743353ff36fb1b82468f63a3a93b4e2e89e-refs/branch-heads/4240@{#378}), userDataDir=C:\Users\Rajesh\AppData\Local\Temp\scoped_dir1988_1694695913}, takesHeapSnapshot=true, pageLoadStrategy=normal, strictFileInteractability=false, databaseEnabled=false, handlesAlerts=true, version=86.0.4240.75, browserConnectionEnabled=false, proxy={}, nativeEvents=true, locationContextEnabled=true, cssSelectorsEnabled=true, webauthn:virtualAuthenticators=true}]
Session ID: 4e337e52291b54f04b443b0992827b70
	at org.openqa.selenium.remote.ErrorHandler.createThrowable(ErrorHandler.java:206)
	at org.openqa.selenium.remote.ErrorHandler.throwIfResponseFailed(ErrorHandler.java:158)
	at org.openqa.selenium.remote.RemoteWebDriver.execute(RemoteWebDriver.java:678)
	at org.openqa.selenium.remote.RemoteWebDriver.execute(RemoteWebDriver.java:701)
	at org.openqa.selenium.remote.RemoteWebDriver.close(RemoteWebDriver.java:521)
	at com.dollardays.testcases.BaseTest.quit(BaseTest.java:183)
	at java.util.ArrayList.forEach(ArrayList.java:1259)
... Removed 36 stack frames
</div> <!-- stack-trace -->
                </div> <!-- method-content -->
              </div> <!-- method -->
              <div class="method">
                <div class="method-content">
                  <a name="TC_21_Validate_the_user_is_able_to_add_one_item_to_the_cart_from_PPE_and_Mask_category_and_verify_cart_icon({TestCase=valid Login data, Password=c2FpYmFiYTE=, Runmode=Yes, SheetName=AddTOCartPPE, UserName=vid...)">
                  </a> <!-- TC_21_Validate_the_user_is_able_to_add_one_item_to_the_cart_from_PPE_and_Mask_category_and_verify_cart_icon({TestCase=valid Login data, Password=c2FpYmFiYTE=, Runmode=Yes, SheetName=AddTOCartPPE, UserName=vid...) -->
                  <span class="method-name">TC_21_Validate_the_user_is_able_to_add_one_item_to_the_cart_from_PPE_and_Mask_category_and_verify_cart_icon</span>
                  <span class="parameters">({TestCase=valid Login data, Password=c2FpYmFiYTE=, Runmode=Yes, SheetName=AddTOCartPPE, UserName=vidyancc@gmail.com, TCID=TC1})</span>
                  <div class="stack-trace">org.openqa.selenium.WebDriverException: chrome not reachable
  (Session info: chrome=86.0.4240.75)
  (Driver info: chromedriver=86.0.4240.22 (398b0743353ff36fb1b82468f63a3a93b4e2e89e-refs/branch-heads/4240@{#378}),platform=Windows NT 10.0.18362 x86_64) (WARNING: The server did not provide any stacktrace information)
Command duration or timeout: 245 milliseconds
Build info: version: &apos;2.53.1&apos;, revision: &apos;a36b8b1cd5757287168e54b817830adce9b0158d&apos;, time: &apos;2016-06-30 19:26:09&apos;
System info: host: &apos;MININT-UM25UFB&apos;, ip: &apos;10.0.75.1&apos;, os.name: &apos;Windows 10&apos;, os.arch: &apos;amd64&apos;, os.version: &apos;10.0&apos;, java.version: &apos;1.8.0_261&apos;
Driver info: org.openqa.selenium.chrome.ChromeDriver
Capabilities [{mobileEmulationEnabled=false, timeouts={implicit=0, pageLoad=300000, script=30000}, hasTouchScreen=false, platform=XP, acceptSslCerts=false, goog:chromeOptions={debuggerAddress=localhost:56976}, acceptInsecureCerts=false, webStorageEnabled=true, browserName=chrome, takesScreenshot=true, javascriptEnabled=true, setWindowRect=true, unexpectedAlertBehaviour=ignore, applicationCacheEnabled=false, rotatable=false, networkConnectionEnabled=false, chrome={chromedriverVersion=86.0.4240.22 (398b0743353ff36fb1b82468f63a3a93b4e2e89e-refs/branch-heads/4240@{#378}), userDataDir=C:\Users\Rajesh\AppData\Local\Temp\scoped_dir1988_1694695913}, takesHeapSnapshot=true, pageLoadStrategy=normal, strictFileInteractability=false, databaseEnabled=false, handlesAlerts=true, version=86.0.4240.75, browserConnectionEnabled=false, proxy={}, nativeEvents=true, locationContextEnabled=true, cssSelectorsEnabled=true, webauthn:virtualAuthenticators=true}]
Session ID: 4e337e52291b54f04b443b0992827b70
	at org.openqa.selenium.remote.ErrorHandler.createThrowable(ErrorHandler.java:206)
	at org.openqa.selenium.remote.ErrorHandler.throwIfResponseFailed(ErrorHandler.java:158)
	at org.openqa.selenium.remote.RemoteWebDriver.execute(RemoteWebDriver.java:678)
	at org.openqa.selenium.remote.RemoteWebDriver.execute(RemoteWebDriver.java:701)
	at org.openqa.selenium.remote.RemoteWebDriver.close(RemoteWebDriver.java:521)
	at com.dollardays.testcases.BaseTest.quit(BaseTest.java:183)
	at java.util.ArrayList.forEach(ArrayList.java:1259)
... Removed 36 stack frames
</div> <!-- stack-trace -->
                </div> <!-- method-content -->
              </div> <!-- method -->
              <div class="method">
                <div class="method-content">
                  <a name="TC_22_validate_the_user_is_able_to_add_one_item_from_ppe_category_throught_product_page_and_verify_cart_icon({TestCase=valid Login data, Password=c2FpYmFiYTE=, Runmode=Yes, SheetName=AddToCartPPE, UserName=vid...)">
                  </a> <!-- TC_22_validate_the_user_is_able_to_add_one_item_from_ppe_category_throught_product_page_and_verify_cart_icon({TestCase=valid Login data, Password=c2FpYmFiYTE=, Runmode=Yes, SheetName=AddToCartPPE, UserName=vid...) -->
                  <span class="method-name">TC_22_validate_the_user_is_able_to_add_one_item_from_ppe_category_throught_product_page_and_verify_cart_icon</span>
                  <span class="parameters">({TestCase=valid Login data, Password=c2FpYmFiYTE=, Runmode=Yes, SheetName=AddToCartPPE, UserName=vidyancc@gmail.com, TCID=TC1})</span>
                  <div class="stack-trace">org.openqa.selenium.WebDriverException: chrome not reachable
  (Session info: chrome=86.0.4240.75)
  (Driver info: chromedriver=86.0.4240.22 (398b0743353ff36fb1b82468f63a3a93b4e2e89e-refs/branch-heads/4240@{#378}),platform=Windows NT 10.0.18362 x86_64) (WARNING: The server did not provide any stacktrace information)
Command duration or timeout: 245 milliseconds
Build info: version: &apos;2.53.1&apos;, revision: &apos;a36b8b1cd5757287168e54b817830adce9b0158d&apos;, time: &apos;2016-06-30 19:26:09&apos;
System info: host: &apos;MININT-UM25UFB&apos;, ip: &apos;10.0.75.1&apos;, os.name: &apos;Windows 10&apos;, os.arch: &apos;amd64&apos;, os.version: &apos;10.0&apos;, java.version: &apos;1.8.0_261&apos;
Driver info: org.openqa.selenium.chrome.ChromeDriver
Capabilities [{mobileEmulationEnabled=false, timeouts={implicit=0, pageLoad=300000, script=30000}, hasTouchScreen=false, platform=XP, acceptSslCerts=false, goog:chromeOptions={debuggerAddress=localhost:56976}, acceptInsecureCerts=false, webStorageEnabled=true, browserName=chrome, takesScreenshot=true, javascriptEnabled=true, setWindowRect=true, unexpectedAlertBehaviour=ignore, applicationCacheEnabled=false, rotatable=false, networkConnectionEnabled=false, chrome={chromedriverVersion=86.0.4240.22 (398b0743353ff36fb1b82468f63a3a93b4e2e89e-refs/branch-heads/4240@{#378}), userDataDir=C:\Users\Rajesh\AppData\Local\Temp\scoped_dir1988_1694695913}, takesHeapSnapshot=true, pageLoadStrategy=normal, strictFileInteractability=false, databaseEnabled=false, handlesAlerts=true, version=86.0.4240.75, browserConnectionEnabled=false, proxy={}, nativeEvents=true, locationContextEnabled=true, cssSelectorsEnabled=true, webauthn:virtualAuthenticators=true}]
Session ID: 4e337e52291b54f04b443b0992827b70
	at org.openqa.selenium.remote.ErrorHandler.createThrowable(ErrorHandler.java:206)
	at org.openqa.selenium.remote.ErrorHandler.throwIfResponseFailed(ErrorHandler.java:158)
	at org.openqa.selenium.remote.RemoteWebDriver.execute(RemoteWebDriver.java:678)
	at org.openqa.selenium.remote.RemoteWebDriver.execute(RemoteWebDriver.java:701)
	at org.openqa.selenium.remote.RemoteWebDriver.close(RemoteWebDriver.java:521)
	at com.dollardays.testcases.BaseTest.quit(BaseTest.java:183)
	at java.util.ArrayList.forEach(ArrayList.java:1259)
... Removed 36 stack frames
</div> <!-- stack-trace -->
                </div> <!-- method-content -->
              </div> <!-- method -->
              <div class="method">
                <div class="method-content">
                  <a name="TC_23_validate_clear_cart_hyperlink_in_the_shopping_cart_page({TestCase=valid Login data, Password=c2FpYmFiYTE=, Runmode=Yes, SheetName=AddTOCartPPE, UserName=vid...)">
                  </a> <!-- TC_23_validate_clear_cart_hyperlink_in_the_shopping_cart_page({TestCase=valid Login data, Password=c2FpYmFiYTE=, Runmode=Yes, SheetName=AddTOCartPPE, UserName=vid...) -->
                  <span class="method-name">TC_23_validate_clear_cart_hyperlink_in_the_shopping_cart_page</span>
                  <span class="parameters">({TestCase=valid Login data, Password=c2FpYmFiYTE=, Runmode=Yes, SheetName=AddTOCartPPE, UserName=vidyancc@gmail.com, TCID=TC1})</span>
                  <div class="stack-trace">org.openqa.selenium.WebDriverException: chrome not reachable
  (Session info: chrome=86.0.4240.75)
  (Driver info: chromedriver=86.0.4240.22 (398b0743353ff36fb1b82468f63a3a93b4e2e89e-refs/branch-heads/4240@{#378}),platform=Windows NT 10.0.18362 x86_64) (WARNING: The server did not provide any stacktrace information)
Command duration or timeout: 245 milliseconds
Build info: version: &apos;2.53.1&apos;, revision: &apos;a36b8b1cd5757287168e54b817830adce9b0158d&apos;, time: &apos;2016-06-30 19:26:09&apos;
System info: host: &apos;MININT-UM25UFB&apos;, ip: &apos;10.0.75.1&apos;, os.name: &apos;Windows 10&apos;, os.arch: &apos;amd64&apos;, os.version: &apos;10.0&apos;, java.version: &apos;1.8.0_261&apos;
Driver info: org.openqa.selenium.chrome.ChromeDriver
Capabilities [{mobileEmulationEnabled=false, timeouts={implicit=0, pageLoad=300000, script=30000}, hasTouchScreen=false, platform=XP, acceptSslCerts=false, goog:chromeOptions={debuggerAddress=localhost:56976}, acceptInsecureCerts=false, webStorageEnabled=true, browserName=chrome, takesScreenshot=true, javascriptEnabled=true, setWindowRect=true, unexpectedAlertBehaviour=ignore, applicationCacheEnabled=false, rotatable=false, networkConnectionEnabled=false, chrome={chromedriverVersion=86.0.4240.22 (398b0743353ff36fb1b82468f63a3a93b4e2e89e-refs/branch-heads/4240@{#378}), userDataDir=C:\Users\Rajesh\AppData\Local\Temp\scoped_dir1988_1694695913}, takesHeapSnapshot=true, pageLoadStrategy=normal, strictFileInteractability=false, databaseEnabled=false, handlesAlerts=true, version=86.0.4240.75, browserConnectionEnabled=false, proxy={}, nativeEvents=true, locationContextEnabled=true, cssSelectorsEnabled=true, webauthn:virtualAuthenticators=true}]
Session ID: 4e337e52291b54f04b443b0992827b70
	at org.openqa.selenium.remote.ErrorHandler.createThrowable(ErrorHandler.java:206)
	at org.openqa.selenium.remote.ErrorHandler.throwIfResponseFailed(ErrorHandler.java:158)
	at org.openqa.selenium.remote.RemoteWebDriver.execute(RemoteWebDriver.java:678)
	at org.openqa.selenium.remote.RemoteWebDriver.execute(RemoteWebDriver.java:701)
	at org.openqa.selenium.remote.RemoteWebDriver.close(RemoteWebDriver.java:521)
	at com.dollardays.testcases.BaseTest.quit(BaseTest.java:183)
	at java.util.ArrayList.forEach(ArrayList.java:1259)
... Removed 36 stack frames
</div> <!-- stack-trace -->
                </div> <!-- method-content -->
              </div> <!-- method -->
            </div> <!-- main-panel-content rounded-window-bottom -->
          </div> <!-- suite-Suite-class-skipped -->
          <div class="suite-Suite-class-passed">
            <div class="main-panel-header rounded-window-top">
              <img src="passed.png"/>
              <span class="class-name">com.dollardays.testcases.AddToCartPPETestcase</span>
            </div> <!-- main-panel-header rounded-window-top -->
            <div class="main-panel-content rounded-window-bottom">
              <div class="method">
                <div class="method-content">
                  <a name="TC_01_Validate_addtocart_by_clicking_on_buy_nowbutton_from_adv_banner_without_login({TestCase=valid Login data, Password=c2FpYmFiYTE=, Runmode=Yes, SheetName=AddTOCartPPE, UserName=vid...)">
                  </a> <!-- TC_01_Validate_addtocart_by_clicking_on_buy_nowbutton_from_adv_banner_without_login({TestCase=valid Login data, Password=c2FpYmFiYTE=, Runmode=Yes, SheetName=AddTOCartPPE, UserName=vid...) -->
                  <span class="method-name">TC_01_Validate_addtocart_by_clicking_on_buy_nowbutton_from_adv_banner_without_login</span>
                  <span class="parameters">({TestCase=valid Login data, Password=c2FpYmFiYTE=, Runmode=Yes, SheetName=AddTOCartPPE, UserName=vidyancc@gmail.com, TCID=TC1})</span>
                </div> <!-- method-content -->
              </div> <!-- method -->
              <div class="method">
                <div class="method-content">
                  <a name="TC_02_addtocartvalidate_shopallbtn_clickonimage({TestCase=valid Login data, Password=c2FpYmFiYTE=, Runmode=Yes, SheetName=AddTOCartPPE, UserName=vid...)">
                  </a> <!-- TC_02_addtocartvalidate_shopallbtn_clickonimage({TestCase=valid Login data, Password=c2FpYmFiYTE=, Runmode=Yes, SheetName=AddTOCartPPE, UserName=vid...) -->
                  <span class="method-name">TC_02_addtocartvalidate_shopallbtn_clickonimage</span>
                  <span class="parameters">({TestCase=valid Login data, Password=c2FpYmFiYTE=, Runmode=Yes, SheetName=AddTOCartPPE, UserName=vidyancc@gmail.com, TCID=TC1})</span>
                </div> <!-- method-content -->
              </div> <!-- method -->
              <div class="method">
                <div class="method-content">
                  <a name="TC_03_addtocartvalidate_clickonimage({TestCase=valid Login data, Password=c2FpYmFiYTE=, Runmode=Yes, SheetName=AddTOCartPPE, UserName=vid...)">
                  </a> <!-- TC_03_addtocartvalidate_clickonimage({TestCase=valid Login data, Password=c2FpYmFiYTE=, Runmode=Yes, SheetName=AddTOCartPPE, UserName=vid...) -->
                  <span class="method-name">TC_03_addtocartvalidate_clickonimage</span>
                  <span class="parameters">({TestCase=valid Login data, Password=c2FpYmFiYTE=, Runmode=Yes, SheetName=AddTOCartPPE, UserName=vidyancc@gmail.com, TCID=TC1})</span>
                </div> <!-- method-content -->
              </div> <!-- method -->
              <div class="method">
                <div class="method-content">
                  <a name="TC_04_validate_the_user_is_able_to_add_multiple_items_from_PPE_and_Mask_page_and_verify_shopping_cart({TestCase=valid Login data, Password=c2FpYmFiYTE=, Runmode=Yes, SheetName=AddTOCartPPE, UserName=vid...)">
                  </a> <!-- TC_04_validate_the_user_is_able_to_add_multiple_items_from_PPE_and_Mask_page_and_verify_shopping_cart({TestCase=valid Login data, Password=c2FpYmFiYTE=, Runmode=Yes, SheetName=AddTOCartPPE, UserName=vid...) -->
                  <span class="method-name">TC_04_validate_the_user_is_able_to_add_multiple_items_from_PPE_and_Mask_page_and_verify_shopping_cart</span>
                  <span class="parameters">({TestCase=valid Login data, Password=c2FpYmFiYTE=, Runmode=Yes, SheetName=AddTOCartPPE, UserName=vidyancc@gmail.com, TCID=TC1})</span>
                </div> <!-- method-content -->
              </div> <!-- method -->
              <div class="method">
                <div class="method-content">
                  <a name="TC_05_Validate_update_cart_hyper_link_in_the_shopping_cart_page({TestCase=valid Login data, Password=c2FpYmFiYTE=, Runmode=Yes, SheetName=AddTOCartPPE, UserName=vid...)">
                  </a> <!-- TC_05_Validate_update_cart_hyper_link_in_the_shopping_cart_page({TestCase=valid Login data, Password=c2FpYmFiYTE=, Runmode=Yes, SheetName=AddTOCartPPE, UserName=vid...) -->
                  <span class="method-name">TC_05_Validate_update_cart_hyper_link_in_the_shopping_cart_page</span>
                  <span class="parameters">({TestCase=valid Login data, Password=c2FpYmFiYTE=, Runmode=Yes, SheetName=AddTOCartPPE, UserName=vidyancc@gmail.com, TCID=TC1})</span>
                </div> <!-- method-content -->
              </div> <!-- method -->
              <div class="method">
                <div class="method-content">
                  <a name="TC_06_Validate_the_case_quantity_text_box_with_valid_data_in_the_shopping_cart_page({TestCase=valid Login data, Password=c2FpYmFiYTE=, Runmode=Yes, SheetName=AddTOCartPPE, UserName=vid...)">
                  </a> <!-- TC_06_Validate_the_case_quantity_text_box_with_valid_data_in_the_shopping_cart_page({TestCase=valid Login data, Password=c2FpYmFiYTE=, Runmode=Yes, SheetName=AddTOCartPPE, UserName=vid...) -->
                  <span class="method-name">TC_06_Validate_the_case_quantity_text_box_with_valid_data_in_the_shopping_cart_page</span>
                  <span class="parameters">({TestCase=valid Login data, Password=c2FpYmFiYTE=, Runmode=Yes, SheetName=AddTOCartPPE, UserName=vidyancc@gmail.com, TCID=TC1})</span>
                </div> <!-- method-content -->
              </div> <!-- method -->
            </div> <!-- main-panel-content rounded-window-bottom -->
          </div> <!-- suite-Suite-class-passed -->
        </div> <!-- panel Suite -->
        <div panel-name="test-xml-Suite" class="panel">
          <div class="main-panel-header rounded-window-top">
            <span class="header-content">C:\Vidya_Git_Backup_DDProject\Team6AddToCart\config\AddToCart2.xml</span>
          </div> <!-- main-panel-header rounded-window-top -->
          <div class="main-panel-content rounded-window-bottom">
            <pre>
&lt;?xml version=&quot;1.0&quot; encoding=&quot;UTF-8&quot;?&gt;
&lt;!DOCTYPE suite SYSTEM &quot;https://testng.org/testng-1.0.dtd&quot;&gt;
&lt;suite guice-stage=&quot;DEVELOPMENT&quot; name=&quot;Suite&quot;&gt;
  &lt;listeners&gt;
    &lt;listener class-name=&quot;com.dollardays.listners.TestListener&quot;/&gt;
  &lt;/listeners&gt;
  &lt;test thread-count=&quot;5&quot; name=&quot;Dollar Days Test&quot;&gt;
    &lt;classes&gt;
      &lt;class name=&quot;com.dollardays.testcases.AddToCartPPETestcase&quot;/&gt;
    &lt;/classes&gt;
  &lt;/test&gt; &lt;!-- Dollar Days Test --&gt;
&lt;/suite&gt; &lt;!-- Suite --&gt;
            </pre>
          </div> <!-- main-panel-content rounded-window-bottom -->
        </div> <!-- panel -->
        <div panel-name="testlist-Suite" class="panel">
          <div class="main-panel-header rounded-window-top">
            <span class="header-content">Tests for Suite</span>
          </div> <!-- main-panel-header rounded-window-top -->
          <div class="main-panel-content rounded-window-bottom">
            <ul>
              <li>
                <span class="test-name">Dollar Days Test (1 class)</span>
              </li>
            </ul>
          </div> <!-- main-panel-content rounded-window-bottom -->
        </div> <!-- panel -->
        <div panel-name="group-Suite" class="panel">
          <div class="main-panel-header rounded-window-top">
            <span class="header-content">Groups for Suite</span>
          </div> <!-- main-panel-header rounded-window-top -->
          <div class="main-panel-content rounded-window-bottom">
          </div> <!-- main-panel-content rounded-window-bottom -->
        </div> <!-- panel -->
        <div panel-name="times-Suite" class="panel">
          <div class="main-panel-header rounded-window-top">
            <span class="header-content">Times for Suite</span>
          </div> <!-- main-panel-header rounded-window-top -->
          <div class="main-panel-content rounded-window-bottom">
            <div class="times-div">
              <script type="text/javascript">
suiteTableInitFunctions.push('tableData_Suite');
function tableData_Suite() {
var data = new google.visualization.DataTable();
data.addColumn('number', 'Number');
data.addColumn('string', 'Method');
data.addColumn('string', 'Class');
data.addColumn('number', 'Time (ms)');
data.addRows(22);
data.setCell(0, 0, 0)
data.setCell(0, 1, 'TC_05_Validate_update_cart_hyper_link_in_the_shopping_cart_page')
data.setCell(0, 2, 'com.dollardays.testcases.AddToCartPPETestcase')
data.setCell(0, 3, 32323);
data.setCell(1, 0, 1)
data.setCell(1, 1, 'TC_04_validate_the_user_is_able_to_add_multiple_items_from_PPE_and_Mask_page_and_verify_shopping_cart')
data.setCell(1, 2, 'com.dollardays.testcases.AddToCartPPETestcase')
data.setCell(1, 3, 27787);
data.setCell(2, 0, 2)
data.setCell(2, 1, 'TC_07_Validate_the_case_quantity_text_box_with_zero_value_and_verify_the_shopping_cart_page')
data.setCell(2, 2, 'com.dollardays.testcases.AddToCartPPETestcase')
data.setCell(2, 3, 22888);
data.setCell(3, 0, 3)
data.setCell(3, 1, 'TC_06_Validate_the_case_quantity_text_box_with_valid_data_in_the_shopping_cart_page')
data.setCell(3, 2, 'com.dollardays.testcases.AddToCartPPETestcase')
data.setCell(3, 3, 21425);
data.setCell(4, 0, 4)
data.setCell(4, 1, 'TC_02_addtocartvalidate_shopallbtn_clickonimage')
data.setCell(4, 2, 'com.dollardays.testcases.AddToCartPPETestcase')
data.setCell(4, 3, 19103);
data.setCell(5, 0, 5)
data.setCell(5, 1, 'TC_03_addtocartvalidate_clickonimage')
data.setCell(5, 2, 'com.dollardays.testcases.AddToCartPPETestcase')
data.setCell(5, 3, 17400);
data.setCell(6, 0, 6)
data.setCell(6, 1, 'TC_01_Validate_addtocart_by_clicking_on_buy_nowbutton_from_adv_banner_without_login')
data.setCell(6, 2, 'com.dollardays.testcases.AddToCartPPETestcase')
data.setCell(6, 3, 17035);
data.setCell(7, 0, 7)
data.setCell(7, 1, 'TC_08_Validate_the_case_quantity_text_box_with_invalid_data_in_the_shopping_cart_page')
data.setCell(7, 2, 'com.dollardays.testcases.AddToCartPPETestcase')
data.setCell(7, 3, 0);
data.setCell(8, 0, 8)
data.setCell(8, 1, 'TC_11_validate_no_of_cases_textbox_with_valid_data')
data.setCell(8, 2, 'com.dollardays.testcases.AddToCartPPETestcase')
data.setCell(8, 3, 0);
data.setCell(9, 0, 9)
data.setCell(9, 1, 'TC_15_ValidateAddToCart_BuyNow_smallercasepacks')
data.setCell(9, 2, 'com.dollardays.testcases.AddToCartPPETestcase')
data.setCell(9, 3, 0);
data.setCell(10, 0, 10)
data.setCell(10, 1, 'TC_14_validate_no_of_cases_textbox_with_character')
data.setCell(10, 2, 'com.dollardays.testcases.AddToCartPPETestcase')
data.setCell(10, 3, 0);
data.setCell(11, 0, 11)
data.setCell(11, 1, 'TC_16_ValidateAddToCart_BuyNow_3PlyFaceMask')
data.setCell(11, 2, 'com.dollardays.testcases.AddToCartPPETestcase')
data.setCell(11, 3, 0);
data.setCell(12, 0, 12)
data.setCell(12, 1, 'TC_09_Validate_the_case_quantity_text_box_with_boundary_value_in_the_shopping_cart_page')
data.setCell(12, 2, 'com.dollardays.testcases.AddToCartPPETestcase')
data.setCell(12, 3, 0);
data.setCell(13, 0, 13)
data.setCell(13, 1, 'TC_21_Validate_the_user_is_able_to_add_one_item_to_the_cart_from_PPE_and_Mask_category_and_verify_cart_icon')
data.setCell(13, 2, 'com.dollardays.testcases.AddToCartPPETestcase')
data.setCell(13, 3, 0);
data.setCell(14, 0, 14)
data.setCell(14, 1, 'TC_12_Validate_the_number_of_case_text_box_in_the_product_page')
data.setCell(14, 2, 'com.dollardays.testcases.AddToCartPPETestcase')
data.setCell(14, 3, 0);
data.setCell(15, 0, 15)
data.setCell(15, 1, 'TC_17_ValidateAddToCart_BuyNow_PremiumAlcoholWipes')
data.setCell(15, 2, 'com.dollardays.testcases.AddToCartPPETestcase')
data.setCell(15, 3, 0);
data.setCell(16, 0, 16)
data.setCell(16, 1, 'TC_22_validate_the_user_is_able_to_add_one_item_from_ppe_category_throught_product_page_and_verify_cart_icon')
data.setCell(16, 2, 'com.dollardays.testcases.AddToCartPPETestcase')
data.setCell(16, 3, 0);
data.setCell(17, 0, 17)
data.setCell(17, 1, 'TC_23_validate_clear_cart_hyperlink_in_the_shopping_cart_page')
data.setCell(17, 2, 'com.dollardays.testcases.AddToCartPPETestcase')
data.setCell(17, 3, 0);
data.setCell(18, 0, 18)
data.setCell(18, 1, 'TC_10_Validate_the_cart_when_the_user_signoff_and_signin_with_valid_credentials')
data.setCell(18, 2, 'com.dollardays.testcases.AddToCartPPETestcase')
data.setCell(18, 3, 0);
data.setCell(19, 0, 19)
data.setCell(19, 1, 'TC_13_validate_no_of_cases_textbox_with_zero')
data.setCell(19, 2, 'com.dollardays.testcases.AddToCartPPETestcase')
data.setCell(19, 3, 0);
data.setCell(20, 0, 20)
data.setCell(20, 1, 'TC_18_ValidateAddToCartFromSearchbarWithnoData')
data.setCell(20, 2, 'com.dollardays.testcases.AddToCartPPETestcase')
data.setCell(20, 3, 0);
data.setCell(21, 0, 21)
data.setCell(21, 1, 'TC_19_ValidateAddToCartFromSearchbarWithValidData')
data.setCell(21, 2, 'com.dollardays.testcases.AddToCartPPETestcase')
data.setCell(21, 3, 0);
window.suiteTableData['Suite']= { tableData: data, tableDiv: 'times-div-Suite'}
return data;
}
              </script>
              <span class="suite-total-time">Total running time: 2 minutes</span>
              <div id="times-div-Suite">
              </div> <!-- times-div-Suite -->
            </div> <!-- times-div -->
          </div> <!-- main-panel-content rounded-window-bottom -->
        </div> <!-- panel -->
        <div panel-name="reporter-Suite" class="panel">
          <div class="main-panel-header rounded-window-top">
            <span class="header-content">Reporter output for Suite</span>
          </div> <!-- main-panel-header rounded-window-top -->
          <div class="main-panel-content rounded-window-bottom">
          </div> <!-- main-panel-content rounded-window-bottom -->
        </div> <!-- panel -->
        <div panel-name="ignored-methods-Suite" class="panel">
          <div class="main-panel-header rounded-window-top">
            <span class="header-content">0 ignored methods</span>
          </div> <!-- main-panel-header rounded-window-top -->
          <div class="main-panel-content rounded-window-bottom">
          </div> <!-- main-panel-content rounded-window-bottom -->
        </div> <!-- panel -->
        <div panel-name="chronological-Suite" class="panel">
          <div class="main-panel-header rounded-window-top">
            <span class="header-content">Methods in chronological order</span>
          </div> <!-- main-panel-header rounded-window-top -->
          <div class="main-panel-content rounded-window-bottom">
            <div class="chronological-class">
              <div class="chronological-class-name">com.dollardays.testcases.AddToCartPPETestcase</div> <!-- chronological-class-name -->
              <div class="configuration-class before">
                <span class="method-name">beforeClass</span>
                <span class="method-start">0 ms</span>
              </div> <!-- configuration-class before -->
              <div class="configuration-method before">
                <span class="method-name">setUpBrowser</span>
                <span class="method-start">618 ms</span>
              </div> <!-- configuration-method before -->
              <div class="test-method">
                <span class="method-name">TC_01_Validate_addtocart_by_clicking_on_buy_nowbutton_from_adv_banner_without_login({TestCase=valid Login data, Password=c2FpYmFiYTE=, Runmode=Yes, SheetName=AddTOCartPPE, UserName=vid...)</span>
                <span class="method-start">10819 ms</span>
              </div> <!-- test-method -->
              <div class="configuration-method after">
                <span class="method-name">quit</span>
                <span class="method-start">27858 ms</span>
              </div> <!-- configuration-method after -->
              <div class="configuration-method before">
                <span class="method-name">setUpBrowser</span>
                <span class="method-start">28875 ms</span>
              </div> <!-- configuration-method before -->
              <div class="test-method">
                <span class="method-name">TC_02_addtocartvalidate_shopallbtn_clickonimage({TestCase=valid Login data, Password=c2FpYmFiYTE=, Runmode=Yes, SheetName=AddTOCartPPE, UserName=vid...)</span>
                <span class="method-start">38080 ms</span>
              </div> <!-- test-method -->
              <div class="configuration-method after">
                <span class="method-name">quit</span>
                <span class="method-start">57184 ms</span>
              </div> <!-- configuration-method after -->
              <div class="configuration-method before">
                <span class="method-name">setUpBrowser</span>
                <span class="method-start">58110 ms</span>
              </div> <!-- configuration-method before -->
              <div class="test-method">
                <span class="method-name">TC_03_addtocartvalidate_clickonimage({TestCase=valid Login data, Password=c2FpYmFiYTE=, Runmode=Yes, SheetName=AddTOCartPPE, UserName=vid...)</span>
                <span class="method-start">66943 ms</span>
              </div> <!-- test-method -->
              <div class="configuration-method after">
                <span class="method-name">quit</span>
                <span class="method-start">84344 ms</span>
              </div> <!-- configuration-method after -->
              <div class="configuration-method before">
                <span class="method-name">setUpBrowser</span>
                <span class="method-start">85254 ms</span>
              </div> <!-- configuration-method before -->
              <div class="test-method">
                <span class="method-name">TC_04_validate_the_user_is_able_to_add_multiple_items_from_PPE_and_Mask_page_and_verify_shopping_cart({TestCase=valid Login data, Password=c2FpYmFiYTE=, Runmode=Yes, SheetName=AddTOCartPPE, UserName=vid...)</span>
                <span class="method-start">93804 ms</span>
              </div> <!-- test-method -->
              <div class="configuration-method after">
                <span class="method-name">quit</span>
                <span class="method-start">121592 ms</span>
              </div> <!-- configuration-method after -->
              <div class="configuration-method before">
                <span class="method-name">setUpBrowser</span>
                <span class="method-start">122501 ms</span>
              </div> <!-- configuration-method before -->
              <div class="test-method">
                <span class="method-name">TC_05_Validate_update_cart_hyper_link_in_the_shopping_cart_page({TestCase=valid Login data, Password=c2FpYmFiYTE=, Runmode=Yes, SheetName=AddTOCartPPE, UserName=vid...)</span>
                <span class="method-start">131496 ms</span>
              </div> <!-- test-method -->
              <div class="configuration-method after">
                <span class="method-name">quit</span>
                <span class="method-start">163820 ms</span>
              </div> <!-- configuration-method after -->
              <div class="configuration-method before">
                <span class="method-name">setUpBrowser</span>
                <span class="method-start">164731 ms</span>
              </div> <!-- configuration-method before -->
              <div class="test-method">
                <span class="method-name">TC_06_Validate_the_case_quantity_text_box_with_valid_data_in_the_shopping_cart_page({TestCase=valid Login data, Password=c2FpYmFiYTE=, Runmode=Yes, SheetName=AddTOCartPPE, UserName=vid...)</span>
                <span class="method-start">173677 ms</span>
              </div> <!-- test-method -->
              <div class="configuration-method after">
                <span class="method-name">quit</span>
                <span class="method-start">195104 ms</span>
              </div> <!-- configuration-method after -->
              <div class="configuration-method before">
                <span class="method-name">setUpBrowser</span>
                <span class="method-start">196050 ms</span>
              </div> <!-- configuration-method before -->
              <div class="test-method">
                <img src="failed.png">
                </img>
                <span class="method-name">TC_07_Validate_the_case_quantity_text_box_with_zero_value_and_verify_the_shopping_cart_page({TestCase=valid Login data, Password=c2FpYmFiYTE=, Runmode=Yes, SheetName=AddTOCartPPE, UserName=vid...)</span>
                <span class="method-start">204661 ms</span>
              </div> <!-- test-method -->
              <div class="configuration-method after">
                <img src="failed.png">
                </img>
                <span class="method-name">quit</span>
                <span class="method-start">227555 ms</span>
              </div> <!-- configuration-method after -->
              <div class="configuration-method before">
                <span class="method-name">setUpBrowser</span>
                <span class="method-start">227833 ms</span>
              </div> <!-- configuration-method before -->
              <div class="test-method">
                <span class="method-name">TC_08_Validate_the_case_quantity_text_box_with_invalid_data_in_the_shopping_cart_page({TestCase=valid Login data, Password=c2FpYmFiYTE=, Runmode=Yes, SheetName=AddTOCartPPE, UserName=vid...)</span>
                <span class="method-start">227835 ms</span>
              </div> <!-- test-method -->
              <div class="configuration-method after">
                <span class="method-name">quit</span>
                <span class="method-start">227839 ms</span>
              </div> <!-- configuration-method after -->
              <div class="configuration-method before">
                <span class="method-name">setUpBrowser</span>
                <span class="method-start">227876 ms</span>
              </div> <!-- configuration-method before -->
              <div class="test-method">
                <span class="method-name">TC_09_Validate_the_case_quantity_text_box_with_boundary_value_in_the_shopping_cart_page({TestCase=valid Login data, Password=c2FpYmFiYTE=, Runmode=Yes, SheetName=AddTOCartPPE, UserName=vid...)</span>
                <span class="method-start">227879 ms</span>
              </div> <!-- test-method -->
              <div class="configuration-method after">
                <span class="method-name">quit</span>
                <span class="method-start">227887 ms</span>
              </div> <!-- configuration-method after -->
              <div class="configuration-method before">
                <span class="method-name">setUpBrowser</span>
                <span class="method-start">227913 ms</span>
              </div> <!-- configuration-method before -->
              <div class="test-method">
                <span class="method-name">TC_10_Validate_the_cart_when_the_user_signoff_and_signin_with_valid_credentials({TestCase=valid Login data, Password=c2FpYmFiYTE=, Runmode=Yes, SheetName=AddTOCartPPE, UserName=vid...)</span>
                <span class="method-start">227917 ms</span>
              </div> <!-- test-method -->
              <div class="configuration-method after">
                <span class="method-name">quit</span>
                <span class="method-start">227924 ms</span>
              </div> <!-- configuration-method after -->
              <div class="configuration-method before">
                <span class="method-name">setUpBrowser</span>
                <span class="method-start">227964 ms</span>
              </div> <!-- configuration-method before -->
              <div class="test-method">
                <span class="method-name">TC_11_validate_no_of_cases_textbox_with_valid_data({TestCase=valid Login data, Password=c2FpYmFiYTE=, Runmode=Yes, SheetName=AddTOCartPPE, UserName=vid...)</span>
                <span class="method-start">227965 ms</span>
              </div> <!-- test-method -->
              <div class="configuration-method after">
                <span class="method-name">quit</span>
                <span class="method-start">227970 ms</span>
              </div> <!-- configuration-method after -->
              <div class="configuration-method before">
                <span class="method-name">setUpBrowser</span>
                <span class="method-start">227997 ms</span>
              </div> <!-- configuration-method before -->
              <div class="test-method">
                <span class="method-name">TC_12_Validate_the_number_of_case_text_box_in_the_product_page({TestCase=valid Login data, Password=c2FpYmFiYTE=, Runmode=Yes, SheetName=AddTOCartPPE, UserName=vid...)</span>
                <span class="method-start">228001 ms</span>
              </div> <!-- test-method -->
              <div class="configuration-method after">
                <span class="method-name">quit</span>
                <span class="method-start">228010 ms</span>
              </div> <!-- configuration-method after -->
              <div class="configuration-method before">
                <span class="method-name">setUpBrowser</span>
                <span class="method-start">228041 ms</span>
              </div> <!-- configuration-method before -->
              <div class="test-method">
                <span class="method-name">TC_13_validate_no_of_cases_textbox_with_zero({TestCase=valid Login data, Password=c2FpYmFiYTE=, Runmode=Yes, SheetName=AddTOCartPPE, UserName=vid...)</span>
                <span class="method-start">228044 ms</span>
              </div> <!-- test-method -->
              <div class="configuration-method after">
                <span class="method-name">quit</span>
                <span class="method-start">228059 ms</span>
              </div> <!-- configuration-method after -->
              <div class="configuration-method before">
                <span class="method-name">setUpBrowser</span>
                <span class="method-start">228092 ms</span>
              </div> <!-- configuration-method before -->
              <div class="test-method">
                <span class="method-name">TC_14_validate_no_of_cases_textbox_with_character({TestCase=valid Login data, Password=c2FpYmFiYTE=, Runmode=Yes, SheetName=AddTOCartPPE, UserName=vid...)</span>
                <span class="method-start">228093 ms</span>
              </div> <!-- test-method -->
              <div class="configuration-method after">
                <span class="method-name">quit</span>
                <span class="method-start">228101 ms</span>
              </div> <!-- configuration-method after -->
              <div class="configuration-method before">
                <span class="method-name">setUpBrowser</span>
                <span class="method-start">228136 ms</span>
              </div> <!-- configuration-method before -->
              <div class="test-method">
                <span class="method-name">TC_15_ValidateAddToCart_BuyNow_smallercasepacks({TestCase=valid Login data, Password=c2FpYmFiYTE=, Runmode=Yes, SheetName=AddTOCartPPE, UserName=vid...)</span>
                <span class="method-start">228140 ms</span>
              </div> <!-- test-method -->
              <div class="configuration-method after">
                <span class="method-name">quit</span>
                <span class="method-start">228143 ms</span>
              </div> <!-- configuration-method after -->
              <div class="configuration-method before">
                <span class="method-name">setUpBrowser</span>
                <span class="method-start">228194 ms</span>
              </div> <!-- configuration-method before -->
              <div class="test-method">
                <span class="method-name">TC_16_ValidateAddToCart_BuyNow_3PlyFaceMask({TestCase=valid Login data, Password=c2FpYmFiYTE=, Runmode=Yes, SheetName=AddTOCartPPE, UserName=vid...)</span>
                <span class="method-start">228198 ms</span>
              </div> <!-- test-method -->
              <div class="configuration-method after">
                <span class="method-name">quit</span>
                <span class="method-start">228204 ms</span>
              </div> <!-- configuration-method after -->
              <div class="configuration-method before">
                <span class="method-name">setUpBrowser</span>
                <span class="method-start">228227 ms</span>
              </div> <!-- configuration-method before -->
              <div class="test-method">
                <span class="method-name">TC_17_ValidateAddToCart_BuyNow_PremiumAlcoholWipes({TestCase=valid Login data, Password=c2FpYmFiYTE=, Runmode=Yes, SheetName=AddTOCartPPE, UserName=vid...)</span>
                <span class="method-start">228228 ms</span>
              </div> <!-- test-method -->
              <div class="configuration-method after">
                <span class="method-name">quit</span>
                <span class="method-start">228241 ms</span>
              </div> <!-- configuration-method after -->
              <div class="configuration-method before">
                <span class="method-name">setUpBrowser</span>
                <span class="method-start">228268 ms</span>
              </div> <!-- configuration-method before -->
              <div class="test-method">
                <span class="method-name">TC_18_ValidateAddToCartFromSearchbarWithnoData({TestCase=valid Login data, Password=c2FpYmFiYTE=, Runmode=Yes, SheetName=AddTOCartPPE, UserName=vid...)</span>
                <span class="method-start">228272 ms</span>
              </div> <!-- test-method -->
              <div class="configuration-method after">
                <span class="method-name">quit</span>
                <span class="method-start">228276 ms</span>
              </div> <!-- configuration-method after -->
              <div class="configuration-method before">
                <span class="method-name">setUpBrowser</span>
                <span class="method-start">228317 ms</span>
              </div> <!-- configuration-method before -->
              <div class="test-method">
                <span class="method-name">TC_19_ValidateAddToCartFromSearchbarWithValidData({TestCase=valid Login data, Password=c2FpYmFiYTE=, Runmode=Yes, SheetName=AddTOCartPPE, UserName=vid...)</span>
                <span class="method-start">228320 ms</span>
              </div> <!-- test-method -->
              <div class="configuration-method after">
                <span class="method-name">quit</span>
                <span class="method-start">228327 ms</span>
              </div> <!-- configuration-method after -->
              <div class="configuration-method before">
                <span class="method-name">setUpBrowser</span>
                <span class="method-start">228361 ms</span>
              </div> <!-- configuration-method before -->
              <div class="test-method">
                <span class="method-name">TC_21_Validate_the_user_is_able_to_add_one_item_to_the_cart_from_PPE_and_Mask_category_and_verify_cart_icon({TestCase=valid Login data, Password=c2FpYmFiYTE=, Runmode=Yes, SheetName=AddTOCartPPE, UserName=vid...)</span>
                <span class="method-start">228366 ms</span>
              </div> <!-- test-method -->
              <div class="configuration-method after">
                <span class="method-name">quit</span>
                <span class="method-start">228373 ms</span>
              </div> <!-- configuration-method after -->
              <div class="configuration-method before">
                <span class="method-name">setUpBrowser</span>
                <span class="method-start">228397 ms</span>
              </div> <!-- configuration-method before -->
              <div class="test-method">
                <span class="method-name">TC_22_validate_the_user_is_able_to_add_one_item_from_ppe_category_throught_product_page_and_verify_cart_icon({TestCase=valid Login data, Password=c2FpYmFiYTE=, Runmode=Yes, SheetName=AddToCartPPE, UserName=vid...)</span>
                <span class="method-start">228397 ms</span>
              </div> <!-- test-method -->
              <div class="configuration-method after">
                <span class="method-name">quit</span>
                <span class="method-start">228404 ms</span>
              </div> <!-- configuration-method after -->
              <div class="configuration-method before">
                <span class="method-name">setUpBrowser</span>
                <span class="method-start">228435 ms</span>
              </div> <!-- configuration-method before -->
              <div class="test-method">
                <span class="method-name">TC_23_validate_clear_cart_hyperlink_in_the_shopping_cart_page({TestCase=valid Login data, Password=c2FpYmFiYTE=, Runmode=Yes, SheetName=AddTOCartPPE, UserName=vid...)</span>
                <span class="method-start">228438 ms</span>
              </div> <!-- test-method -->
              <div class="configuration-method after">
                <span class="method-name">quit</span>
                <span class="method-start">228441 ms</span>
              </div> <!-- configuration-method after -->
              <div class="configuration-class after">
                <span class="method-name">afterClass</span>
                <span class="method-start">228444 ms</span>
              </div> <!-- configuration-class after -->
          </div> <!-- main-panel-content rounded-window-bottom -->
        </div> <!-- panel -->
      </div> <!-- main-panel-root -->
    </div> <!-- wrapper -->
  </body>
<script type="text/javascript" src="testng-reports2.js"></script>
</html>
